INFO 2024-03-11 17:35:45,347 autoreload 24444 31812 Watching for file changes with StatReloader
INFO 2024-03-11 17:35:48,126 basehttp 24444 33668 "GET / HTTP/1.1" 200 1024
WARNING 2024-03-11 17:35:48,238 log 24444 33668 Not Found: /favicon.ico
WARNING 2024-03-11 17:35:48,238 basehttp 24444 33668 "GET /favicon.ico HTTP/1.1" 404 2442
INFO 2024-03-11 17:36:01,228 basehttp 24444 33668 "GET / HTTP/1.1" 200 1024
INFO 2024-03-11 17:36:33,157 basehttp 24444 33668 "GET /about/ HTTP/1.1" 200 987
INFO 2024-03-11 17:36:45,877 basehttp 24444 33668 "GET / HTTP/1.1" 200 1024
INFO 2024-03-11 17:37:49,220 basehttp 24444 33668 "GET / HTTP/1.1" 200 1024
INFO 2024-03-11 17:37:53,511 basehttp 24444 33668 "GET /about/ HTTP/1.1" 200 987
INFO 2024-03-11 17:37:54,483 basehttp 24444 33668 "GET / HTTP/1.1" 200 1024
WARNING 2024-03-11 17:38:15,757 log 24444 33668 Not Found: /index
WARNING 2024-03-11 17:38:15,757 basehttp 24444 33668 "GET /index HTTP/1.1" 404 2424
INFO 2024-03-11 17:41:57,800 basehttp 24444 33668 "GET /about/ HTTP/1.1" 200 987
INFO 2024-03-11 17:48:45,204 autoreload 24444 31812 A:\GeekBrains\Django\Seminar\project\my_project\my_project\settings.py changed, reloading.
INFO 2024-03-11 17:48:45,549 autoreload 32416 39960 Watching for file changes with StatReloader
INFO 2024-03-11 17:48:50,654 basehttp 32416 11020 "GET /about/ HTTP/1.1" 200 987
INFO 2024-03-11 17:48:51,155 basehttp 32416 11020 "GET /about/ HTTP/1.1" 200 987
INFO 2024-03-11 17:48:51,912 basehttp 32416 11020 "GET /about/ HTTP/1.1" 200 987
INFO 2024-03-11 17:48:52,113 basehttp 32416 11020 "GET /about/ HTTP/1.1" 200 987
INFO 2024-03-11 17:48:52,296 basehttp 32416 11020 "GET /about/ HTTP/1.1" 200 987
INFO 2024-03-11 17:48:52,493 basehttp 32416 11020 "GET /about/ HTTP/1.1" 200 987
INFO 2024-03-11 17:48:53,710 basehttp 32416 11020 "GET / HTTP/1.1" 200 1024
INFO 2024-03-11 17:48:54,464 basehttp 32416 11020 "GET /about/ HTTP/1.1" 200 987
INFO 2024-03-11 17:48:58,385 basehttp 32416 11020 "GET / HTTP/1.1" 200 1024
INFO 2024-03-11 17:48:58,924 basehttp 32416 11020 "GET /about/ HTTP/1.1" 200 987
INFO 2024-03-11 17:56:45,002 autoreload 32416 39960 A:\GeekBrains\Django\Seminar\project\my_project\my_project\settings.py changed, reloading.
%INFOs %2024-03-11 17:56:45,346 %autoreload %20944 %14944 %Watching for file changes with StatReloaders
%INFOs %2024-03-11 17:56:49,197 %basehttp %20944 %25228 %"GET /about/ HTTP/1.1" 200 987s
%INFOs %2024-03-11 17:56:57,001 %basehttp %20944 %25228 %"GET /about/ HTTP/1.1" 200 987s
%INFOs %2024-03-11 17:56:57,440 %basehttp %20944 %25228 %"GET /about/ HTTP/1.1" 200 987s
%INFOs %2024-03-11 17:56:58,363 %basehttp %20944 %25228 %"GET /about/ HTTP/1.1" 200 987s
%INFOs %2024-03-11 17:56:58,591 %basehttp %20944 %25228 %"GET /about/ HTTP/1.1" 200 987s
%INFOs %2024-03-11 17:57:03,381 %basehttp %20944 %25228 %"GET / HTTP/1.1" 200 1024s
%INFOs %2024-03-11 18:01:59,606 %autoreload %39928 %39176 %Watching for file changes with StatReloaders
%INFOs %2024-03-11 18:02:04,017 %basehttp %39928 %16488 %"GET / HTTP/1.1" 200 1024s
%INFOs %2024-03-11 18:02:05,041 %basehttp %39928 %16488 %"GET / HTTP/1.1" 200 1024s
%INFOs %2024-03-11 18:04:05,412 %autoreload %39928 %39176 %A:\GeekBrains\Django\Seminar\project\my_project\my_project\settings.py changed, reloading.s
INFOs %2024-03-11 18:04:05,894 %autoreload %40920 %32904 %Watching for file changes with StatReloaders
INFOs %2024-03-11 18:04:09,230 %basehttp %40920 %5892 %"GET / HTTP/1.1" 200 1024s
INFOs %2024-03-11 18:07:21,098 %basehttp %40920 %5892 %"GET / HTTP/1.1" 200 1024s
INFOs %2024-03-11 18:07:21,376 %basehttp %40920 %5892 %"GET / HTTP/1.1" 200 1024s
INFOs %2024-03-11 18:07:23,717 %basehttp %40920 %5892 %"GET / HTTP/1.1" 200 1024s
INFOs %2024-03-11 18:07:25,095 %basehttp %40920 %5892 %"GET /about/ HTTP/1.1" 200 987s
INFOs %2024-03-11 18:07:27,629 %basehttp %40920 %5892 %"GET /about/ HTTP/1.1" 200 987s
INFOs %2024-03-11 18:10:08,719 %autoreload %40920 %32904 %A:\GeekBrains\Django\Seminar\project\my_project\my_project\settings.py changed, reloading.s
INFOs 2024-03-11 18:10:09,169 autoreload 25108 28228 Watching for file changes with StatReloaders
INFOs 2024-03-11 18:10:12,154 basehttp 25108 40852 "GET /about/ HTTP/1.1" 200 987s
INFOs 2024-03-11 18:10:12,820 basehttp 25108 40852 "GET /about/ HTTP/1.1" 200 987s
INFOs 2024-03-11 18:10:16,369 basehttp 25108 40852 "GET /about/ HTTP/1.1" 200 987s
INFOs 2024-03-11 18:10:16,586 basehttp 25108 40852 "GET /about/ HTTP/1.1" 200 987s
INFOs 2024-03-11 18:10:20,198 basehttp 25108 40852 "GET / HTTP/1.1" 200 1024s
INFOs 2024-03-11 18:10:20,427 basehttp 25108 40852 "GET / HTTP/1.1" 200 1024s
INFOs 2024-03-11 18:10:21,238 basehttp 25108 40852 "GET / HTTP/1.1" 200 1024s
INFOs 2024-03-11 18:10:21,485 basehttp 25108 40852 "GET / HTTP/1.1" 200 1024s
INFOs 2024-03-11 20:22:07,378 autoreload 17880 5032 Watching for file changes with StatReloaders
INFOs 2024-03-11 20:22:09,369 basehttp 17880 22824 "GET / HTTP/1.1" 200 1024s
INFOs 2024-03-11 20:22:14,438 basehttp 17880 22824 "GET / HTTP/1.1" 200 1024s
INFOs 2024-03-11 20:22:15,328 basehttp 17880 22824 "GET / HTTP/1.1" 200 1024s
INFOs 2024-03-11 20:22:15,555 basehttp 17880 22824 "GET / HTTP/1.1" 200 1024s
INFOs 2024-03-11 20:22:15,781 basehttp 17880 22824 "GET / HTTP/1.1" 200 1024s
INFOs 2024-03-11 20:22:16,000 basehttp 17880 22824 "GET / HTTP/1.1" 200 1024s
INFOs 2024-03-11 20:22:16,219 basehttp 17880 22824 "GET / HTTP/1.1" 200 1024s
INFOs 2024-03-11 20:22:16,431 basehttp 17880 22824 "GET / HTTP/1.1" 200 1024s
INFOs 2024-03-11 20:22:37,437 basehttp 17880 22824 "GET /coin HTTP/1.1" 301 0s
INFOs 2024-03-11 20:22:37,444 basehttp 17880 40472 "GET /coin/ HTTP/1.1" 200 71s
INFOs 2024-03-11 20:25:23,005 basehttp 17880 40472 "GET /coin/ HTTP/1.1" 200 71s
INFOs 2024-03-11 20:25:24,084 basehttp 17880 40472 "GET /coin/ HTTP/1.1" 200 71s
INFOs 2024-03-11 20:25:25,106 basehttp 17880 40472 "GET /coin/ HTTP/1.1" 200 71s
INFOs 2024-03-11 20:25:25,491 basehttp 17880 40472 "GET /coin/ HTTP/1.1" 200 71s
INFOs 2024-03-11 20:29:46,220 autoreload 17880 5032 A:\GeekBrains\Django\Seminar\project\my_project\myapp_1\views.py changed, reloading.s
INFOs 2024-03-11 20:29:46,714 autoreload 40864 31076 Watching for file changes with StatReloaders
INFOs 2024-03-11 20:29:46,904 basehttp 40864 12672 "GET /coin/ HTTP/1.1" 200 10s
INFOs 2024-03-11 20:29:47,925 basehttp 40864 12672 "GET /coin/ HTTP/1.1" 200 10s
INFOs 2024-03-11 20:29:48,384 basehttp 40864 12672 "GET /coin/ HTTP/1.1" 200 8s
INFOs 2024-03-11 20:29:48,947 basehttp 40864 12672 "GET /coin/ HTTP/1.1" 200 10s
INFOs 2024-03-11 20:29:49,216 basehttp 40864 12672 "GET /coin/ HTTP/1.1" 200 10s
INFOs 2024-03-11 20:29:49,443 basehttp 40864 12672 "GET /coin/ HTTP/1.1" 200 10s
INFOs 2024-03-11 20:29:49,669 basehttp 40864 12672 "GET /coin/ HTTP/1.1" 200 8s
INFOs 2024-03-11 20:29:49,896 basehttp 40864 12672 "GET /coin/ HTTP/1.1" 200 8s
INFOs 2024-03-11 20:29:50,095 basehttp 40864 12672 "GET /coin/ HTTP/1.1" 200 10s
INFOs 2024-03-11 20:29:50,290 basehttp 40864 12672 "GET /coin/ HTTP/1.1" 200 8s
INFOs 2024-03-11 20:29:50,493 basehttp 40864 12672 "GET /coin/ HTTP/1.1" 200 10s
INFOs 2024-03-11 20:29:50,683 basehttp 40864 12672 "GET /coin/ HTTP/1.1" 200 8s
INFOs 2024-03-11 20:29:51,121 basehttp 40864 12672 "GET /coin/ HTTP/1.1" 200 8s
INFOs 2024-03-11 20:29:51,333 basehttp 40864 12672 "GET /coin/ HTTP/1.1" 200 8s
INFOs 2024-03-11 20:29:51,567 basehttp 40864 12672 "GET /coin/ HTTP/1.1" 200 10s
INFOs 2024-03-11 20:29:51,778 basehttp 40864 12672 "GET /coin/ HTTP/1.1" 200 8s
INFOs 2024-03-11 20:29:51,990 basehttp 40864 12672 "GET /coin/ HTTP/1.1" 200 8s
INFOs 2024-03-11 20:29:52,202 basehttp 40864 12672 "GET /coin/ HTTP/1.1" 200 10s
INFOs 2024-03-11 20:29:52,428 basehttp 40864 12672 "GET /coin/ HTTP/1.1" 200 8s
INFOs 2024-03-11 20:29:53,515 basehttp 40864 12672 "GET /coin/ HTTP/1.1" 200 8s
INFOs 2024-03-11 20:29:53,735 basehttp 40864 12672 "GET /coin/ HTTP/1.1" 200 10s
INFOs 2024-03-11 20:29:53,976 basehttp 40864 12672 "GET /coin/ HTTP/1.1" 200 10s
INFOs 2024-03-11 20:29:54,201 basehttp 40864 12672 "GET /coin/ HTTP/1.1" 200 8s
INFOs 2024-03-11 20:29:54,428 basehttp 40864 12672 "GET /coin/ HTTP/1.1" 200 8s
INFOs 2024-03-11 20:29:54,639 basehttp 40864 12672 "GET /coin/ HTTP/1.1" 200 8s
INFOs 2024-03-11 20:29:54,829 basehttp 40864 12672 "GET /coin/ HTTP/1.1" 200 10s
INFOs 2024-03-11 20:29:55,034 basehttp 40864 12672 "GET /coin/ HTTP/1.1" 200 8s
INFOs 2024-03-11 20:31:50,520 autoreload 40864 31076 A:\GeekBrains\Django\Seminar\project\my_project\myapp_1\views.py changed, reloading.s
INFOs 2024-03-11 20:31:50,958 autoreload 29144 24776 Watching for file changes with StatReloaders
INFOs 2024-03-11 20:34:45,280 autoreload 29144 24776 A:\GeekBrains\Django\Seminar\project\my_project\myapp_1\views.py changed, reloading.s
INFOs 2024-03-11 20:34:45,814 autoreload 22056 31216 Watching for file changes with StatReloaders
INFOs 2024-03-11 20:40:05,681 autoreload 22056 31216 A:\GeekBrains\Django\Seminar\project\my_project\myapp_1\views.py changed, reloading.s
INFOs 2024-03-11 20:40:06,169 autoreload 40624 39836 Watching for file changes with StatReloaders
INFOs 2024-03-11 20:45:37,204 autoreload 40624 39836 A:\GeekBrains\Django\Seminar\project\my_project\myapp_1\views.py changed, reloading.s
INFOs 2024-03-11 20:45:37,697 autoreload 5976 22324 Watching for file changes with StatReloaders
INFOs 2024-03-11 20:46:07,259 autoreload 5976 22324 A:\GeekBrains\Django\Seminar\project\my_project\myapp_1\views.py changed, reloading.s
INFOs 2024-03-11 20:46:07,776 autoreload 40164 37156 Watching for file changes with StatReloaders
INFOs 2024-03-11 20:46:11,806 basehttp 40164 12256 "GET /coin/ HTTP/1.1" 200 10s
INFOs 2024-03-11 20:46:15,150 basehttp 40164 12256 "GET /coin/ HTTP/1.1" 200 10s
INFOs 2024-03-11 20:46:16,140 basehttp 40164 12256 "GET /coin/ HTTP/1.1" 200 8s
INFOs 2024-03-11 20:46:17,059 basehttp 40164 12256 "GET /coin/ HTTP/1.1" 200 10s
INFOs 2024-03-11 20:46:17,920 basehttp 40164 12256 "GET /coin/ HTTP/1.1" 200 8s
INFOs 2024-03-11 20:46:30,311 basehttp 40164 12256 "GET /coin/ HTTP/1.1" 200 10s
INFOs 2024-03-11 20:46:30,990 basehttp 40164 12256 "GET /coin/ HTTP/1.1" 200 10s
INFOs 2024-03-11 20:46:38,676 basehttp 40164 12256 "GET / HTTP/1.1" 200 1024s
INFOs 2024-03-11 20:46:39,227 basehttp 40164 12256 "GET / HTTP/1.1" 200 1024s
INFOs 2024-03-11 20:46:40,196 basehttp 40164 12256 "GET / HTTP/1.1" 200 1024s
INFOs 2024-03-11 20:46:40,920 basehttp 40164 12256 "GET /about/ HTTP/1.1" 200 987s
INFOs 2024-03-11 20:46:41,947 basehttp 40164 12256 "GET / HTTP/1.1" 200 1024s
INFOs 2024-03-11 20:46:42,513 basehttp 40164 12256 "GET /about/ HTTP/1.1" 200 987s
INFOs 2024-03-11 20:46:44,020 basehttp 40164 12256 "GET /about/ HTTP/1.1" 200 987s
INFOs 2024-03-11 20:46:44,443 basehttp 40164 12256 "GET / HTTP/1.1" 200 1024s
INFOs 2024-03-11 20:54:07,884 autoreload 40164 37156 A:\GeekBrains\Django\Seminar\project\my_project\myapp_1\views.py changed, reloading.s
INFOs 2024-03-11 20:54:08,387 autoreload 12112 38676 Watching for file changes with StatReloaders
INFOs 2024-03-11 21:51:07,644 basehttp 12112 34464 "GET /coin/ HTTP/1.1" 200 8s
INFOs 2024-03-11 21:51:08,115 basehttp 12112 34464 "GET /coin/ HTTP/1.1" 200 10s
INFOs 2024-03-11 22:02:36,867 basehttp 12112 41948 "GET /coin/ HTTP/1.1" 200 8s
INFOs 2024-03-11 22:02:37,101 basehttp 12112 41948 "GET /coin/ HTTP/1.1" 200 8s
INFOs 2024-03-11 22:02:37,344 basehttp 12112 41948 "GET /coin/ HTTP/1.1" 200 8s
INFOs 2024-03-11 22:02:37,530 basehttp 12112 41948 "GET /coin/ HTTP/1.1" 200 10s
INFOs 2024-03-11 22:02:38,261 basehttp 12112 41948 "GET /coin/ HTTP/1.1" 200 10s
INFOs 2024-03-11 22:02:38,490 basehttp 12112 41948 "GET /coin/ HTTP/1.1" 200 8s
INFOs 2024-03-11 22:02:38,723 basehttp 12112 41948 "GET /coin/ HTTP/1.1" 200 8s
INFOs 2024-03-11 22:02:38,956 basehttp 12112 41948 "GET /coin/ HTTP/1.1" 200 8s
INFOs 2024-03-11 22:02:39,206 basehttp 12112 41948 "GET /coin/ HTTP/1.1" 200 8s
INFOs 2024-03-11 22:02:39,416 basehttp 12112 41948 "GET /coin/ HTTP/1.1" 200 8s
INFOs 2024-03-11 22:02:39,642 basehttp 12112 41948 "GET /coin/ HTTP/1.1" 200 10s
INFOs 2024-03-11 22:02:39,847 basehttp 12112 41948 "GET /coin/ HTTP/1.1" 200 10s
INFOs 2024-03-11 22:02:40,054 basehttp 12112 41948 "GET /coin/ HTTP/1.1" 200 10s
INFOs 2024-03-11 22:02:40,285 basehttp 12112 41948 "GET /coin/ HTTP/1.1" 200 10s
INFOs 2024-03-11 22:03:25,281 basehttp 12112 41948 "GET /coin/ HTTP/1.1" 200 10s
INFOs 2024-03-11 22:03:25,861 autoreload 12112 38676 A:\GeekBrains\Django\Seminar\project\my_project\myapp_2\views.py changed, reloading.s
INFOs 2024-03-11 22:03:26,356 autoreload 15668 20268 Watching for file changes with StatReloaders
INFOs 2024-03-11 22:05:16,850 autoreload 15668 20268 A:\GeekBrains\Django\Seminar\project\my_project\myapp_2\urls.py changed, reloading.s
INFOs 2024-03-11 22:05:17,252 autoreload 17892 33668 Watching for file changes with StatReloaders
INFOs 2024-03-11 22:05:21,495 basehttp 17892 29900 "GET /coin/ HTTP/1.1" 200 8s
INFOs 2024-03-11 22:05:22,716 basehttp 17892 29900 "GET /coin/ HTTP/1.1" 200 10s
INFOs 2024-03-11 22:05:23,485 basehttp 17892 29900 "GET /coin/ HTTP/1.1" 200 10s
INFOs 2024-03-11 22:05:23,793 basehttp 17892 29900 "GET /coin/ HTTP/1.1" 200 8s
INFOs 2024-03-11 22:05:24,014 basehttp 17892 29900 "GET /coin/ HTTP/1.1" 200 8s
INFOs 2024-03-11 22:05:24,247 basehttp 17892 29900 "GET /coin/ HTTP/1.1" 200 8s
INFOs 2024-03-11 22:05:24,485 basehttp 17892 29900 "GET /coin/ HTTP/1.1" 200 10s
INFOs 2024-03-11 22:05:24,716 basehttp 17892 29900 "GET /coin/ HTTP/1.1" 200 8s
INFOs 2024-03-11 22:05:24,951 basehttp 17892 29900 "GET /coin/ HTTP/1.1" 200 10s
INFOs 2024-03-11 22:05:25,198 basehttp 17892 29900 "GET /coin/ HTTP/1.1" 200 8s
INFOs 2024-03-11 22:05:25,401 basehttp 17892 29900 "GET /coin/ HTTP/1.1" 200 10s
INFOs 2024-03-11 22:05:25,593 basehttp 17892 29900 "GET /coin/ HTTP/1.1" 200 8s
INFOs 2024-03-11 22:05:25,793 basehttp 17892 29900 "GET /coin/ HTTP/1.1" 200 8s
INFOs 2024-03-11 22:05:25,999 basehttp 17892 29900 "GET /coin/ HTTP/1.1" 200 10s
INFOs 2024-03-11 22:05:26,206 basehttp 17892 29900 "GET /coin/ HTTP/1.1" 200 10s
INFOs 2024-03-11 22:05:26,415 basehttp 17892 29900 "GET /coin/ HTTP/1.1" 200 10s
INFOs 2024-03-11 22:05:26,643 basehttp 17892 29900 "GET /coin/ HTTP/1.1" 200 8s
INFOs 2024-03-11 22:05:26,869 basehttp 17892 29900 "GET /coin/ HTTP/1.1" 200 8s
INFOs 2024-03-11 22:05:27,186 basehttp 17892 29900 "GET /coin/ HTTP/1.1" 200 10s
INFOs 2024-03-11 22:05:27,430 basehttp 17892 29900 "GET /coin/ HTTP/1.1" 200 8s
INFOs 2024-03-11 22:05:27,664 basehttp 17892 29900 "GET /coin/ HTTP/1.1" 200 10s
INFOs 2024-03-11 22:05:28,232 basehttp 17892 29900 "GET /coin/ HTTP/1.1" 200 8s
INFOs 2024-03-11 22:05:28,515 basehttp 17892 29900 "GET /coin/ HTTP/1.1" 200 8s
INFOs 2024-03-11 22:05:28,742 basehttp 17892 29900 "GET /coin/ HTTP/1.1" 200 10s
INFOs 2024-03-11 22:05:28,993 basehttp 17892 29900 "GET /coin/ HTTP/1.1" 200 10s
INFOs 2024-03-11 22:05:32,230 basehttp 17892 29900 "GET /coin/ HTTP/1.1" 200 10s
INFOs 2024-03-11 22:05:32,580 basehttp 17892 29900 "GET /coin/ HTTP/1.1" 200 10s
INFOs 2024-03-11 22:05:32,810 basehttp 17892 29900 "GET /coin/ HTTP/1.1" 200 8s
INFOs 2024-03-11 22:05:33,066 basehttp 17892 29900 "GET /coin/ HTTP/1.1" 200 8s
INFOs 2024-03-11 22:07:39,372 basehttp 17892 29900 "GET /coin/ HTTP/1.1" 200 8s
INFOs 2024-03-11 22:07:39,381 autoreload 17892 33668 A:\GeekBrains\Django\Seminar\project\my_project\my_project\settings.py changed, reloading.s
INFO 2024-03-11 22:07:39,890 autoreload 35244 26816 Watching for file changes with StatReloader
INFO 2024-03-11 22:07:41,536 basehttp 35244 29056 "GET /coin/ HTTP/1.1" 200 10
INFO 2024-03-11 22:07:42,575 basehttp 35244 29056 "GET /coin/ HTTP/1.1" 200 8
INFO 2024-03-11 22:07:43,036 basehttp 35244 29056 "GET /coin/ HTTP/1.1" 200 8
INFO 2024-03-11 22:07:43,239 basehttp 35244 29056 "GET /coin/ HTTP/1.1" 200 8
INFO 2024-03-11 22:07:43,441 basehttp 35244 29056 "GET /coin/ HTTP/1.1" 200 8
INFO 2024-03-11 22:08:48,539 basehttp 35244 29056 "GET /coin/ HTTP/1.1" 200 8
INFO 2024-03-11 22:08:49,022 autoreload 35244 26816 A:\GeekBrains\Django\Seminar\project\my_project\my_project\settings.py changed, reloading.
INFO 2024-03-11 22:09:22,295 autoreload 16680 22156 Watching for file changes with StatReloader
INFO 2024-03-11 22:09:22,461 basehttp 16680 28688 "GET /coin/ HTTP/1.1" 200 8
INFO 2024-03-11 22:09:26,302 basehttp 16680 28688 "GET /coin/ HTTP/1.1" 200 10
INFO 2024-03-11 22:09:26,986 basehttp 16680 28688 "GET /coin/ HTTP/1.1" 200 8
INFO 2024-03-11 22:09:28,453 basehttp 16680 28688 "GET /coin/ HTTP/1.1" 200 8
INFO 2024-03-11 22:09:28,843 basehttp 16680 28688 "GET /coin/ HTTP/1.1" 200 10
INFO 2024-03-11 22:09:29,053 basehttp 16680 28688 "GET /coin/ HTTP/1.1" 200 8
INFO 2024-03-11 22:09:29,342 basehttp 16680 28688 "GET /coin/ HTTP/1.1" 200 8
INFO 2024-03-11 22:09:34,162 basehttp 16680 28688 "GET /coin/ HTTP/1.1" 200 8
INFO 2024-03-11 22:09:40,069 basehttp 16680 28688 "GET /coin/ HTTP/1.1" 200 10
INFO 2024-03-11 22:11:33,062 autoreload 16680 22156 A:\GeekBrains\Django\Seminar\project\my_project\my_project\settings.py changed, reloading.
INFO 2024-03-11 22:11:33,601 autoreload 13536 27736 Watching for file changes with StatReloader
INFO 2024-03-11 22:11:42,632 basehttp 13536 31676 "GET /coin/ HTTP/1.1" 200 10
INFO 2024-03-11 22:11:43,615 basehttp 13536 31676 "GET /coin/ HTTP/1.1" 200 8
INFO 2024-03-11 22:11:43,856 basehttp 13536 31676 "GET /coin/ HTTP/1.1" 200 8
INFO 2024-03-11 22:11:44,066 basehttp 13536 31676 "GET /coin/ HTTP/1.1" 200 8
INFO 2024-03-11 22:11:44,272 basehttp 13536 31676 "GET /coin/ HTTP/1.1" 200 8
INFO 2024-03-11 22:11:44,497 basehttp 13536 31676 "GET /coin/ HTTP/1.1" 200 10
INFO 2024-03-11 22:11:45,534 basehttp 13536 31676 "GET /coin/ HTTP/1.1" 200 8
INFO 2024-03-11 22:11:45,724 basehttp 13536 31676 "GET /coin/ HTTP/1.1" 200 8
INFO 2024-03-11 22:11:45,921 basehttp 13536 31676 "GET /coin/ HTTP/1.1" 200 10
INFO 2024-03-11 22:11:46,103 basehttp 13536 31676 "GET /coin/ HTTP/1.1" 200 10
INFO 2024-03-11 22:11:46,285 basehttp 13536 31676 "GET /coin/ HTTP/1.1" 200 8
INFO 2024-03-11 22:11:46,468 basehttp 13536 31676 "GET /coin/ HTTP/1.1" 200 10
INFO 2024-03-11 22:11:46,650 basehttp 13536 31676 "GET /coin/ HTTP/1.1" 200 10
INFO 2024-03-11 22:11:46,818 basehttp 13536 31676 "GET /coin/ HTTP/1.1" 200 10
INFO 2024-03-11 22:11:46,986 basehttp 13536 31676 "GET /coin/ HTTP/1.1" 200 10
INFO 2024-03-11 22:11:47,146 basehttp 13536 31676 "GET /coin/ HTTP/1.1" 200 8
INFO 2024-03-11 22:11:47,315 basehttp 13536 31676 "GET /coin/ HTTP/1.1" 200 8
INFO 2024-03-11 22:11:47,482 basehttp 13536 31676 "GET /coin/ HTTP/1.1" 200 10
INFO 2024-03-11 22:11:47,614 basehttp 13536 31676 "GET /coin/ HTTP/1.1" 200 8
INFO 2024-03-11 22:11:47,737 basehttp 13536 31676 "GET /coin/ HTTP/1.1" 200 8
INFO 2024-03-11 22:11:47,964 basehttp 13536 31676 "GET /coin/ HTTP/1.1" 200 8
INFO 2024-03-11 22:11:48,015 basehttp 13536 31676 "GET /coin/ HTTP/1.1" 200 10
INFO 2024-03-11 22:14:06,901 basehttp 13536 31676 "GET /coin/ HTTP/1.1" 200 8
INFO 2024-03-11 22:14:07,872 basehttp 13536 31676 "GET /coin/ HTTP/1.1" 200 10
INFO 2024-03-11 22:14:08,360 basehttp 13536 31676 "GET /coin/ HTTP/1.1" 200 8
INFO 2024-03-11 22:14:08,594 basehttp 13536 31676 "GET /coin/ HTTP/1.1" 200 8
INFO 2024-03-11 22:14:08,834 basehttp 13536 31676 "GET /coin/ HTTP/1.1" 200 10
INFO 2024-03-11 22:14:09,067 basehttp 13536 31676 "GET /coin/ HTTP/1.1" 200 8
INFO 2024-03-11 22:14:10,497 basehttp 13536 31676 "GET /coin/ HTTP/1.1" 200 8
INFO 2024-03-11 22:14:11,043 basehttp 13536 31676 "GET /coin/ HTTP/1.1" 200 8
INFO 2024-03-11 22:14:11,299 basehttp 13536 31676 "GET /coin/ HTTP/1.1" 200 10
INFO 2024-03-11 22:14:11,518 basehttp 13536 31676 "GET /coin/ HTTP/1.1" 200 8
INFO 2024-03-11 22:14:11,737 basehttp 13536 31676 "GET /coin/ HTTP/1.1" 200 10
INFO 2024-03-11 22:14:11,948 basehttp 13536 31676 "GET /coin/ HTTP/1.1" 200 10
INFO 2024-03-11 22:14:12,452 basehttp 13536 31676 "GET /coin/ HTTP/1.1" 200 8
INFO 2024-03-11 22:14:12,794 basehttp 13536 31676 "GET /coin/ HTTP/1.1" 200 8
INFO 2024-03-11 22:14:13,086 basehttp 13536 31676 "GET /coin/ HTTP/1.1" 200 8
INFO 2024-03-11 22:14:13,305 basehttp 13536 31676 "GET /coin/ HTTP/1.1" 200 8
INFO 2024-03-11 22:14:13,538 basehttp 13536 31676 "GET /coin/ HTTP/1.1" 200 8
INFO 2024-03-11 22:14:13,757 basehttp 13536 31676 "GET /coin/ HTTP/1.1" 200 10
INFO 2024-03-11 22:14:13,990 basehttp 13536 31676 "GET /coin/ HTTP/1.1" 200 10
INFO 2024-03-11 22:14:14,202 basehttp 13536 31676 "GET /coin/ HTTP/1.1" 200 10
INFO 2024-03-11 22:14:14,420 basehttp 13536 31676 "GET /coin/ HTTP/1.1" 200 8
INFO 2024-03-11 22:14:14,653 basehttp 13536 31676 "GET /coin/ HTTP/1.1" 200 8
INFO 2024-03-11 22:14:14,872 basehttp 13536 31676 "GET /coin/ HTTP/1.1" 200 10
INFO 2024-03-11 22:14:16,084 basehttp 13536 31676 "GET /coin/ HTTP/1.1" 200 8
INFO 2024-03-11 22:14:31,581 basehttp 13536 31676 "GET /coin/ HTTP/1.1" 200 10
INFO 2024-03-11 22:14:32,019 basehttp 13536 31676 "GET /coin/ HTTP/1.1" 200 10
INFO 2024-03-11 22:14:32,243 basehttp 13536 31676 "GET /coin/ HTTP/1.1" 200 10
INFO 2024-03-11 22:14:32,478 basehttp 13536 31676 "GET /coin/ HTTP/1.1" 200 10
INFO 2024-03-11 22:14:32,812 basehttp 13536 31676 "GET /coin/ HTTP/1.1" 200 10
INFO 2024-03-11 22:14:33,491 basehttp 13536 31676 "GET /coin/ HTTP/1.1" 200 10
INFO 2024-03-11 22:14:33,805 basehttp 13536 31676 "GET /coin/ HTTP/1.1" 200 10
INFO 2024-03-11 22:14:50,404 basehttp 13536 31676 "GET /coin/ HTTP/1.1" 200 8
INFO 2024-03-11 22:14:51,753 basehttp 13536 31676 "GET /coin/ HTTP/1.1" 200 8
INFO 2024-03-11 22:14:52,087 basehttp 13536 31676 "GET /coin/ HTTP/1.1" 200 8
INFO 2024-03-11 22:14:52,299 basehttp 13536 31676 "GET /coin/ HTTP/1.1" 200 10
INFO 2024-03-11 22:14:52,540 basehttp 13536 31676 "GET /coin/ HTTP/1.1" 200 10
INFO 2024-03-11 22:14:52,846 basehttp 13536 31676 "GET /coin/ HTTP/1.1" 200 10
INFO 2024-03-11 22:14:53,131 basehttp 13536 31676 "GET /coin/ HTTP/1.1" 200 8
INFO 2024-03-11 22:14:53,415 basehttp 13536 31676 "GET /coin/ HTTP/1.1" 200 10
INFO 2024-03-11 22:14:58,615 basehttp 13536 31676 "GET /coin/ HTTP/1.1" 200 10
INFO 2024-03-11 22:14:58,958 basehttp 13536 31676 "GET /coin/ HTTP/1.1" 200 10
INFO 2024-03-11 22:14:59,235 basehttp 13536 31676 "GET /coin/ HTTP/1.1" 200 10
INFO 2024-03-11 22:14:59,474 basehttp 13536 31676 "GET /coin/ HTTP/1.1" 200 10
INFO 2024-03-11 22:15:12,201 basehttp 13536 31676 "GET /coin/ HTTP/1.1" 200 8
INFO 2024-03-11 22:15:13,040 basehttp 13536 31676 "GET /coin/ HTTP/1.1" 200 10
INFO 2024-03-11 22:15:13,798 basehttp 13536 31676 "GET /coin/ HTTP/1.1" 200 8
INFO 2024-03-11 22:15:14,054 basehttp 13536 31676 "GET /coin/ HTTP/1.1" 200 10
INFO 2024-03-11 22:15:14,563 basehttp 13536 31676 "GET /coin/ HTTP/1.1" 200 10
INFO 2024-03-11 22:15:22,169 basehttp 13536 31676 "GET /coin/ HTTP/1.1" 200 8
INFO 2024-03-11 22:15:23,285 basehttp 13536 31676 "GET /coin/ HTTP/1.1" 200 8
INFO 2024-03-11 22:15:23,568 basehttp 13536 31676 "GET /coin/ HTTP/1.1" 200 8
INFO 2024-03-11 22:15:24,407 basehttp 13536 31676 "GET /coin/ HTTP/1.1" 200 10
INFO 2024-03-11 22:15:24,691 basehttp 13536 31676 "GET /coin/ HTTP/1.1" 200 8
INFO 2024-03-11 22:15:24,947 basehttp 13536 31676 "GET /coin/ HTTP/1.1" 200 8
INFO 2024-03-11 22:15:25,210 basehttp 13536 31676 "GET /coin/ HTTP/1.1" 200 8
INFO 2024-03-11 22:15:25,421 basehttp 13536 31676 "GET /coin/ HTTP/1.1" 200 8
INFO 2024-03-11 22:15:25,620 basehttp 13536 31676 "GET /coin/ HTTP/1.1" 200 10
INFO 2024-03-11 22:15:25,844 basehttp 13536 31676 "GET /coin/ HTTP/1.1" 200 8
INFO 2024-03-11 22:15:26,044 basehttp 13536 31676 "GET /coin/ HTTP/1.1" 200 8
INFO 2024-03-11 22:15:26,398 basehttp 13536 31676 "GET /coin/ HTTP/1.1" 200 8
INFO 2024-03-11 22:15:26,632 basehttp 13536 31676 "GET /coin/ HTTP/1.1" 200 10
INFO 2024-03-11 22:15:26,917 basehttp 13536 31676 "GET /coin/ HTTP/1.1" 200 8
INFO 2024-03-11 22:15:27,115 basehttp 13536 31676 "GET /coin/ HTTP/1.1" 200 8
INFO 2024-03-11 22:16:38,431 basehttp 13536 31676 "GET /coin/ HTTP/1.1" 200 10
INFO 2024-03-11 22:16:38,714 basehttp 13536 31676 "GET /coin/ HTTP/1.1" 200 8
INFO 2024-03-11 22:16:38,939 basehttp 13536 31676 "GET /coin/ HTTP/1.1" 200 8
INFO 2024-03-11 22:16:39,155 basehttp 13536 31676 "GET /coin/ HTTP/1.1" 200 10
INFO 2024-03-11 22:16:39,348 basehttp 13536 31676 "GET /coin/ HTTP/1.1" 200 10
INFO 2024-03-11 22:16:39,549 basehttp 13536 31676 "GET /coin/ HTTP/1.1" 200 10
INFO 2024-03-11 22:16:39,751 basehttp 13536 31676 "GET /coin/ HTTP/1.1" 200 8
INFO 2024-03-11 22:16:39,965 basehttp 13536 31676 "GET /coin/ HTTP/1.1" 200 10
INFO 2024-03-11 22:16:40,147 basehttp 13536 31676 "GET /coin/ HTTP/1.1" 200 10
INFO 2024-03-11 22:16:40,348 basehttp 13536 31676 "GET /coin/ HTTP/1.1" 200 8
INFO 2024-03-11 22:16:48,308 basehttp 13536 31676 "GET /coin/ HTTP/1.1" 200 10
INFO 2024-03-11 22:16:48,518 basehttp 13536 31676 "GET /coin/ HTTP/1.1" 200 8
INFO 2024-03-11 22:16:48,728 basehttp 13536 31676 "GET /coin/ HTTP/1.1" 200 8
INFO 2024-03-11 22:16:49,340 basehttp 13536 31676 "GET /coin/ HTTP/1.1" 200 8
INFO 2024-03-11 22:16:49,558 basehttp 13536 31676 "GET /coin/ HTTP/1.1" 200 8
INFO 2024-03-11 22:16:50,157 basehttp 13536 31676 "GET /coin/ HTTP/1.1" 200 8
INFO 2024-03-11 22:16:50,386 basehttp 13536 31676 "GET /coin/ HTTP/1.1" 200 8
INFO 2024-03-11 22:16:50,752 basehttp 13536 31676 "GET /coin/ HTTP/1.1" 200 8
INFO 2024-03-11 22:16:50,960 basehttp 13536 31676 "GET /coin/ HTTP/1.1" 200 8
INFO 2024-03-11 22:16:51,307 basehttp 13536 31676 "GET /coin/ HTTP/1.1" 200 8
INFO 2024-03-11 22:16:51,500 basehttp 13536 31676 "GET /coin/ HTTP/1.1" 200 8
INFO 2024-03-11 22:16:52,024 basehttp 13536 31676 "GET /coin/ HTTP/1.1" 200 8
INFO 2024-03-11 22:16:52,224 basehttp 13536 31676 "GET /coin/ HTTP/1.1" 200 10
INFO 2024-03-11 22:16:52,544 basehttp 13536 31676 "GET /coin/ HTTP/1.1" 200 10
INFO 2024-03-11 22:16:52,748 basehttp 13536 31676 "GET /coin/ HTTP/1.1" 200 8
INFO 2024-03-11 22:16:53,241 basehttp 13536 31676 "GET /coin/ HTTP/1.1" 200 8
INFO 2024-03-11 22:16:53,454 basehttp 13536 31676 "GET /coin/ HTTP/1.1" 200 8
INFO 2024-03-11 22:16:53,931 basehttp 13536 31676 "GET /coin/ HTTP/1.1" 200 8
INFO 2024-03-11 22:16:54,944 basehttp 13536 31676 "GET /coin/ HTTP/1.1" 200 8
INFO 2024-03-11 22:16:55,158 basehttp 13536 31676 "GET /coin/ HTTP/1.1" 200 8
INFO 2024-03-11 22:16:55,435 basehttp 13536 31676 "GET /coin/ HTTP/1.1" 200 8
INFO 2024-03-11 22:16:55,652 basehttp 13536 31676 "GET /coin/ HTTP/1.1" 200 8
INFO 2024-03-11 22:16:55,859 basehttp 13536 31676 "GET /coin/ HTTP/1.1" 200 8
INFO 2024-03-11 22:16:56,153 basehttp 13536 31676 "GET /coin/ HTTP/1.1" 200 10
INFO 2024-03-11 22:16:56,348 basehttp 13536 31676 "GET /coin/ HTTP/1.1" 200 10
INFO 2024-03-11 22:16:56,550 basehttp 13536 31676 "GET /coin/ HTTP/1.1" 200 10
INFO 2024-03-11 22:16:56,744 basehttp 13536 31676 "GET /coin/ HTTP/1.1" 200 10
INFO 2024-03-11 22:16:56,938 basehttp 13536 31676 "GET /coin/ HTTP/1.1" 200 10
INFO 2024-03-11 22:16:57,126 basehttp 13536 31676 "GET /coin/ HTTP/1.1" 200 8
INFO 2024-03-11 22:16:57,303 basehttp 13536 31676 "GET /coin/ HTTP/1.1" 200 8
INFO 2024-03-11 22:16:57,485 basehttp 13536 31676 "GET /coin/ HTTP/1.1" 200 8
INFO 2024-03-11 22:16:57,660 basehttp 13536 31676 "GET /coin/ HTTP/1.1" 200 10
INFO 2024-03-11 22:16:57,842 basehttp 13536 31676 "GET /coin/ HTTP/1.1" 200 10
INFO 2024-03-11 22:16:58,046 basehttp 13536 31676 "GET /coin/ HTTP/1.1" 200 8
INFO 2024-03-11 22:16:58,261 basehttp 13536 31676 "GET /coin/ HTTP/1.1" 200 8
INFO 2024-03-11 22:16:58,479 basehttp 13536 31676 "GET /coin/ HTTP/1.1" 200 10
INFO 2024-03-11 22:16:58,668 basehttp 13536 31676 "GET /coin/ HTTP/1.1" 200 10
INFO 2024-03-11 22:16:58,878 basehttp 13536 31676 "GET /coin/ HTTP/1.1" 200 10
INFO 2024-03-11 22:16:59,078 basehttp 13536 31676 "GET /coin/ HTTP/1.1" 200 8
INFO 2024-03-11 22:16:59,282 basehttp 13536 31676 "GET /coin/ HTTP/1.1" 200 10
INFO 2024-03-11 22:16:59,500 basehttp 13536 31676 "GET /coin/ HTTP/1.1" 200 8
INFO 2024-03-11 22:16:59,726 basehttp 13536 31676 "GET /coin/ HTTP/1.1" 200 10
INFO 2024-03-11 22:16:59,951 basehttp 13536 31676 "GET /coin/ HTTP/1.1" 200 8
INFO 2024-03-11 22:17:00,179 basehttp 13536 31676 "GET /coin/ HTTP/1.1" 200 8
INFO 2024-03-11 22:17:00,383 basehttp 13536 31676 "GET /coin/ HTTP/1.1" 200 10
INFO 2024-03-11 22:17:00,590 basehttp 13536 31676 "GET /coin/ HTTP/1.1" 200 10
INFO 2024-03-11 22:17:01,197 basehttp 13536 31676 "GET /coin/ HTTP/1.1" 200 8
INFO 2024-03-11 22:18:55,392 autoreload 13536 27736 A:\GeekBrains\Django\Seminar\project\my_project\my_project\settings.py changed, reloading.
INFO 2024-03-11 22:18:55,792 autoreload 36320 5032 Watching for file changes with StatReloader
INFO 2024-03-11 22:18:56,083 basehttp 36320 11988 "GET /coin/ HTTP/1.1" 200 10
INFO 2024-03-11 22:18:58,217 basehttp 36320 11988 "GET /coin/ HTTP/1.1" 200 8
INFO 2024-03-11 22:18:58,594 basehttp 36320 11988 "GET /coin/ HTTP/1.1" 200 10
INFO 2024-03-11 22:18:58,867 basehttp 36320 11988 "GET /coin/ HTTP/1.1" 200 8
INFO 2024-03-11 22:18:59,080 basehttp 36320 11988 "GET /coin/ HTTP/1.1" 200 8
INFO 2024-03-11 22:18:59,262 basehttp 36320 11988 "GET /coin/ HTTP/1.1" 200 10
INFO 2024-03-11 22:18:59,468 basehttp 36320 11988 "GET /coin/ HTTP/1.1" 200 10
INFO 2024-03-11 22:18:59,662 basehttp 36320 11988 "GET /coin/ HTTP/1.1" 200 10
INFO 2024-03-11 22:18:59,792 basehttp 36320 11988 "GET /coin/ HTTP/1.1" 200 8
INFO 2024-03-11 22:18:59,948 basehttp 36320 11988 "GET /coin/ HTTP/1.1" 200 10
INFO 2024-03-11 22:19:00,176 basehttp 36320 11988 "GET /coin/ HTTP/1.1" 200 8
INFO 2024-03-11 22:19:00,395 basehttp 36320 11988 "GET /coin/ HTTP/1.1" 200 8
INFO 2024-03-11 22:19:00,601 basehttp 36320 11988 "GET /coin/ HTTP/1.1" 200 8
INFO 2024-03-11 22:19:00,782 basehttp 36320 11988 "GET /coin/ HTTP/1.1" 200 10
INFO 2024-03-11 22:19:00,975 basehttp 36320 11988 "GET /coin/ HTTP/1.1" 200 8
INFO 2024-03-11 22:19:01,146 basehttp 36320 11988 "GET /coin/ HTTP/1.1" 200 10
INFO 2024-03-11 22:19:01,345 basehttp 36320 11988 "GET /coin/ HTTP/1.1" 200 8
INFO 2024-03-11 22:19:01,512 basehttp 36320 11988 "GET /coin/ HTTP/1.1" 200 8
INFO 2024-03-11 22:19:01,691 basehttp 36320 11988 "GET /coin/ HTTP/1.1" 200 10
INFO 2024-03-11 22:19:01,907 basehttp 36320 11988 "GET /coin/ HTTP/1.1" 200 8
INFO 2024-03-11 22:51:43,277 autoreload 36320 5032 A:\GeekBrains\Django\Seminar\project\my_project\myapp_1\views.py changed, reloading.
INFO 2024-03-11 22:51:43,643 autoreload 41532 23196 Watching for file changes with StatReloader
INFO 2024-03-11 22:52:42,403 autoreload 41532 23196 A:\GeekBrains\Django\Seminar\project\my_project\myapp_2\models.py changed, reloading.
INFO 2024-03-11 22:52:42,786 autoreload 26736 28220 Watching for file changes with StatReloader
INFO 2024-03-11 22:54:45,250 autoreload 26736 28220 A:\GeekBrains\Django\Seminar\project\my_project\myapp_1\urls.py changed, reloading.
INFO 2024-03-11 22:54:45,592 autoreload 8836 1644 Watching for file changes with StatReloader
INFO 2024-03-11 22:54:56,931 autoreload 8836 1644 A:\GeekBrains\Django\Seminar\project\my_project\my_project\urls.py changed, reloading.
INFO 2024-03-11 22:54:57,399 autoreload 24036 15316 Watching for file changes with StatReloader
INFO 2024-03-11 22:54:57,521 basehttp 24036 35652 "GET / HTTP/1.1" 200 1024
INFO 2024-03-11 22:55:03,148 basehttp 24036 35652 "GET / HTTP/1.1" 200 1024
INFO 2024-03-11 22:55:03,637 basehttp 24036 35652 "GET / HTTP/1.1" 200 1024
INFO 2024-03-11 22:55:04,090 basehttp 24036 35652 "GET / HTTP/1.1" 200 1024
INFO 2024-03-11 22:55:04,328 basehttp 24036 35652 "GET / HTTP/1.1" 200 1024
INFO 2024-03-11 22:55:17,229 basehttp 24036 35652 "GET /coin/ HTTP/1.1" 200 71
INFO 2024-03-11 23:05:40,239 basehttp 24036 38512 "GET /coin/ HTTP/1.1" 200 71
INFO 2024-03-11 23:05:40,827 basehttp 24036 38512 "GET /coin/ HTTP/1.1" 200 71
INFO 2024-03-11 23:05:41,286 basehttp 24036 38512 "GET /coin/ HTTP/1.1" 200 71
INFO 2024-03-11 23:05:41,501 basehttp 24036 38512 "GET /coin/ HTTP/1.1" 200 71
INFO 2024-03-11 23:05:41,718 basehttp 24036 38512 "GET /coin/ HTTP/1.1" 200 71
INFO 2024-03-11 23:12:23,533 basehttp 24036 33216 "GET /coin/ HTTP/1.1" 200 71
INFO 2024-03-11 23:12:24,020 basehttp 24036 33216 "GET /coin/ HTTP/1.1" 200 71
INFO 2024-03-11 23:12:24,227 basehttp 24036 33216 "GET /coin/ HTTP/1.1" 200 71
INFO 2024-03-11 23:12:24,421 basehttp 24036 33216 "GET /coin/ HTTP/1.1" 200 71
INFO 2024-03-11 23:12:24,624 basehttp 24036 33216 "GET /coin/ HTTP/1.1" 200 71
INFO 2024-03-11 23:12:24,842 basehttp 24036 33216 "GET /coin/ HTTP/1.1" 200 71
INFO 2024-03-11 23:12:25,025 basehttp 24036 33216 "GET /coin/ HTTP/1.1" 200 71
INFO 2024-03-11 23:12:25,219 basehttp 24036 33216 "GET /coin/ HTTP/1.1" 200 71
INFO 2024-03-11 23:46:31,990 autoreload 24036 15316 A:\GeekBrains\Django\Seminar\project\my_project\my_project\urls.py changed, reloading.
INFO 2024-03-11 23:46:32,481 autoreload 40812 41448 Watching for file changes with StatReloader
INFO 2024-03-11 23:47:20,241 autoreload 40812 41448 A:\GeekBrains\Django\Seminar\project\my_project\my_project\urls.py changed, reloading.
INFO 2024-03-11 23:47:20,744 autoreload 24036 10300 Watching for file changes with StatReloader
INFO 2024-03-11 23:52:26,287 autoreload 24036 10300 A:\GeekBrains\Django\Seminar\project\my_project\my_project\urls.py changed, reloading.
INFO 2024-03-11 23:52:26,639 autoreload 40612 1908 Watching for file changes with StatReloader
INFO 2024-03-11 23:52:32,901 basehttp 40612 8300 "GET /coin/ HTTP/1.1" 200 71
INFO 2024-03-11 23:52:33,725 basehttp 40612 8300 "GET /coin/ HTTP/1.1" 200 71
INFO 2024-03-11 23:52:33,920 basehttp 40612 8300 "GET /coin/ HTTP/1.1" 200 71
INFO 2024-03-11 23:52:34,113 basehttp 40612 8300 "GET /coin/ HTTP/1.1" 200 71
INFO 2024-03-11 23:52:34,284 basehttp 40612 8300 "GET /coin/ HTTP/1.1" 200 71
INFO 2024-03-11 23:52:34,459 basehttp 40612 8300 "GET /coin/ HTTP/1.1" 200 71
INFO 2024-03-11 23:58:53,641 basehttp 40612 42896 "GET /coin/ HTTP/1.1" 200 71
INFO 2024-03-12 00:00:42,358 autoreload 40612 1908 A:\GeekBrains\Django\Seminar\project\my_project\my_project\urls.py changed, reloading.
INFO 2024-03-12 00:00:42,697 autoreload 33024 42312 Watching for file changes with StatReloader
INFO 2024-03-12 00:00:44,560 basehttp 33024 41584 "GET /coin/ HTTP/1.1" 200 10
INFO 2024-03-12 00:00:45,547 basehttp 33024 41584 "GET /coin/ HTTP/1.1" 200 8
INFO 2024-03-12 00:00:45,930 basehttp 33024 41584 "GET /coin/ HTTP/1.1" 200 8
INFO 2024-03-12 00:00:46,165 basehttp 33024 41584 "GET /coin/ HTTP/1.1" 200 10
INFO 2024-03-12 00:00:46,368 basehttp 33024 41584 "GET /coin/ HTTP/1.1" 200 8
INFO 2024-03-12 00:00:46,580 basehttp 33024 41584 "GET /coin/ HTTP/1.1" 200 10
INFO 2024-03-12 00:00:46,774 basehttp 33024 41584 "GET /coin/ HTTP/1.1" 200 10
INFO 2024-03-12 00:00:46,980 basehttp 33024 41584 "GET /coin/ HTTP/1.1" 200 10
INFO 2024-03-12 00:00:47,171 basehttp 33024 41584 "GET /coin/ HTTP/1.1" 200 10
INFO 2024-03-12 00:00:47,582 basehttp 33024 41584 "GET /coin/ HTTP/1.1" 200 8
INFO 2024-03-12 00:00:48,016 basehttp 33024 41584 "GET /coin/ HTTP/1.1" 200 8
INFO 2024-03-12 00:00:48,480 basehttp 33024 41584 "GET /coin/ HTTP/1.1" 200 10
INFO 2024-03-12 00:00:49,115 basehttp 33024 41584 "GET /coin/ HTTP/1.1" 200 8
INFO 2024-03-12 00:00:49,844 basehttp 33024 41584 "GET /coin/ HTTP/1.1" 200 8
INFO 2024-03-12 00:00:50,346 basehttp 33024 41584 "GET /coin/ HTTP/1.1" 200 10
INFO 2024-03-12 00:00:51,058 basehttp 33024 41584 "GET /coin/ HTTP/1.1" 200 10
INFO 2024-03-12 00:00:51,502 basehttp 33024 41584 "GET /coin/ HTTP/1.1" 200 8
INFO 2024-03-12 00:03:06,362 basehttp 33024 41584 "GET /coin/coin HTTP/1.1" 301 0
INFO 2024-03-12 00:03:06,367 basehttp 33024 39644 "GET /coin/coin/ HTTP/1.1" 200 8
INFO 2024-03-12 00:03:09,683 basehttp 33024 39644 "GET /coin/coin/ HTTP/1.1" 200 8
INFO 2024-03-12 00:03:10,359 basehttp 33024 39644 "GET /coin/coin/ HTTP/1.1" 200 10
INFO 2024-03-12 00:03:10,697 basehttp 33024 39644 "GET /coin/coin/ HTTP/1.1" 200 10
INFO 2024-03-12 00:03:10,882 basehttp 33024 39644 "GET /coin/coin/ HTTP/1.1" 200 8
INFO 2024-03-12 00:03:11,062 basehttp 33024 39644 "GET /coin/coin/ HTTP/1.1" 200 10
INFO 2024-03-12 00:03:11,228 basehttp 33024 39644 "GET /coin/coin/ HTTP/1.1" 200 10
INFO 2024-03-12 00:03:11,405 basehttp 33024 39644 "GET /coin/coin/ HTTP/1.1" 200 10
INFO 2024-03-12 00:03:11,568 basehttp 33024 39644 "GET /coin/coin/ HTTP/1.1" 200 8
INFO 2024-03-12 00:03:11,743 basehttp 33024 39644 "GET /coin/coin/ HTTP/1.1" 200 8
INFO 2024-03-12 00:03:11,898 basehttp 33024 39644 "GET /coin/coin/ HTTP/1.1" 200 8
INFO 2024-03-12 00:03:12,245 basehttp 33024 39644 "GET /coin/coin/ HTTP/1.1" 200 10
INFO 2024-03-12 00:03:12,427 basehttp 33024 39644 "GET /coin/coin/ HTTP/1.1" 200 8
INFO 2024-03-12 00:03:12,618 basehttp 33024 39644 "GET /coin/coin/ HTTP/1.1" 200 8
INFO 2024-03-12 00:03:51,846 basehttp 33024 39644 "GET /coin/coin/ HTTP/1.1" 200 8
INFO 2024-03-12 00:03:52,085 autoreload 33024 42312 A:\GeekBrains\Django\Seminar\project\my_project\my_project\urls.py changed, reloading.
INFO 2024-03-12 00:03:52,478 autoreload 36760 42772 Watching for file changes with StatReloader
WARNING 2024-03-12 00:03:52,641 log 36760 40852 Not Found: /coin/coin/
WARNING 2024-03-12 00:03:52,642 basehttp 36760 40852 "GET /coin/coin/ HTTP/1.1" 404 2765
WARNING 2024-03-12 00:03:52,826 log 36760 40852 Not Found: /coin/coin/
WARNING 2024-03-12 00:03:52,827 basehttp 36760 40852 "GET /coin/coin/ HTTP/1.1" 404 2765
WARNING 2024-03-12 00:03:53,409 log 36760 40852 Not Found: /coin/coin/
WARNING 2024-03-12 00:03:53,409 basehttp 36760 40852 "GET /coin/coin/ HTTP/1.1" 404 2765
WARNING 2024-03-12 00:03:53,626 log 36760 40852 Not Found: /coin/coin/
WARNING 2024-03-12 00:03:53,627 basehttp 36760 40852 "GET /coin/coin/ HTTP/1.1" 404 2765
INFO 2024-03-12 00:04:00,542 basehttp 36760 40852 "GET /coin/ HTTP/1.1" 200 10
INFO 2024-03-12 00:04:02,149 basehttp 36760 40852 "GET /coin/ HTTP/1.1" 200 10
INFO 2024-03-12 00:04:02,802 basehttp 36760 40852 "GET /coin/ HTTP/1.1" 200 8
INFO 2024-03-12 00:04:03,033 basehttp 36760 40852 "GET /coin/ HTTP/1.1" 200 10
INFO 2024-03-12 00:04:03,252 basehttp 36760 40852 "GET /coin/ HTTP/1.1" 200 10
INFO 2024-03-12 00:04:03,445 basehttp 36760 40852 "GET /coin/ HTTP/1.1" 200 10
INFO 2024-03-12 00:04:03,640 basehttp 36760 40852 "GET /coin/ HTTP/1.1" 200 8
INFO 2024-03-12 00:04:03,853 basehttp 36760 40852 "GET /coin/ HTTP/1.1" 200 10
INFO 2024-03-12 00:04:04,074 basehttp 36760 40852 "GET /coin/ HTTP/1.1" 200 8
INFO 2024-03-12 00:04:04,319 basehttp 36760 40852 "GET /coin/ HTTP/1.1" 200 10
INFO 2024-03-12 00:04:04,522 basehttp 36760 40852 "GET /coin/ HTTP/1.1" 200 10
INFO 2024-03-12 00:04:04,714 basehttp 36760 40852 "GET /coin/ HTTP/1.1" 200 10
INFO 2024-03-12 00:04:04,917 basehttp 36760 40852 "GET /coin/ HTTP/1.1" 200 8
INFO 2024-03-12 00:04:05,128 basehttp 36760 40852 "GET /coin/ HTTP/1.1" 200 8
INFO 2024-03-12 00:04:05,311 basehttp 36760 40852 "GET /coin/ HTTP/1.1" 200 8
INFO 2024-03-12 00:04:05,493 basehttp 36760 40852 "GET /coin/ HTTP/1.1" 200 8
INFO 2024-03-12 00:09:21,525 autoreload 36760 42772 A:\GeekBrains\Django\Seminar\project\my_project\myapp_2\models.py changed, reloading.
INFO 2024-03-12 00:09:21,876 autoreload 42120 41280 Watching for file changes with StatReloader
INFO 2024-03-12 00:09:41,230 autoreload 42120 41280 A:\GeekBrains\Django\Seminar\project\my_project\myapp_2\models.py changed, reloading.
INFO 2024-03-12 00:09:41,690 autoreload 42644 22856 Watching for file changes with StatReloader
INFO 2024-03-12 00:16:16,071 autoreload 37852 42636 Watching for file changes with StatReloader
INFO 2024-03-12 00:16:32,634 basehttp 37852 4240 "GET /coin/ HTTP/1.1" 200 8
INFO 2024-03-12 00:16:34,202 basehttp 37852 4240 "GET /coin/ HTTP/1.1" 200 10
INFO 2024-03-12 00:16:34,893 basehttp 37852 4240 "GET /coin/ HTTP/1.1" 200 10
INFO 2024-03-12 00:16:35,104 basehttp 37852 4240 "GET /coin/ HTTP/1.1" 200 8
INFO 2024-03-12 00:16:35,268 basehttp 37852 4240 "GET /coin/ HTTP/1.1" 200 8
INFO 2024-03-12 00:16:35,430 basehttp 37852 4240 "GET /coin/ HTTP/1.1" 200 10
INFO 2024-03-12 00:16:35,594 basehttp 37852 4240 "GET /coin/ HTTP/1.1" 200 10
INFO 2024-03-12 00:16:35,743 basehttp 37852 4240 "GET /coin/ HTTP/1.1" 200 8
INFO 2024-03-12 00:21:12,725 autoreload 37852 42636 A:\GeekBrains\Django\Seminar\project\my_project\myapp_2\views.py changed, reloading.
INFO 2024-03-12 00:21:13,118 autoreload 42120 39616 Watching for file changes with StatReloader
INFO 2024-03-12 00:26:07,747 autoreload 42120 39616 A:\GeekBrains\Django\Seminar\project\my_project\myapp_2\views.py changed, reloading.
INFO 2024-03-12 00:26:08,159 autoreload 42636 30456 Watching for file changes with StatReloader
ERROR 2024-03-12 00:27:36,982 log 42636 36752 Internal Server Error: /coin/
Traceback (most recent call last):
  File "A:\GeekBrains\Django\Seminar\project\my_env_seminar\Lib\site-packages\django\core\handlers\exception.py", line 55, in inner
    response = get_response(request)
               ^^^^^^^^^^^^^^^^^^^^^
  File "A:\GeekBrains\Django\Seminar\project\my_env_seminar\Lib\site-packages\django\core\handlers\base.py", line 197, in _get_response
    response = wrapped_callback(request, *callback_args, **callback_kwargs)
               ^^^^^^^^^^^^^^^^^^^^^^^^^^^^^^^^^^^^^^^^^^^^^^^^^^^^^^^^^^^^
  File "A:\GeekBrains\Django\Seminar\project\my_project\myapp_2\views.py", line 21, in coin
    coin = Coin(site=result)
           ^^^^^^^^^^^^^^^^^
  File "A:\GeekBrains\Django\Seminar\project\my_env_seminar\Lib\site-packages\django\db\models\base.py", line 567, in __init__
    raise TypeError(
TypeError: Coin() got unexpected keyword arguments: 'site'
ERROR 2024-03-12 00:27:36,984 basehttp 42636 36752 "GET /coin/ HTTP/1.1" 500 74830
WARNING 2024-03-12 00:28:12,058 log 42636 36752 Not Found: /myapp_2/coin/
WARNING 2024-03-12 00:28:12,058 basehttp 42636 36752 "GET /myapp_2/coin/ HTTP/1.1" 404 2774
INFO 2024-03-12 00:29:19,666 autoreload 42636 30456 A:\GeekBrains\Django\Seminar\project\my_project\myapp_2\views.py changed, reloading.
INFO 2024-03-12 00:29:20,049 autoreload 16332 11724 Watching for file changes with StatReloader
WARNING 2024-03-12 00:29:24,698 log 16332 15720 Not Found: /myapp_2/coin/
WARNING 2024-03-12 00:29:24,699 basehttp 16332 15720 "GET /myapp_2/coin/ HTTP/1.1" 404 2774
WARNING 2024-03-12 00:29:25,224 log 16332 15720 Not Found: /myapp_2/coin/
WARNING 2024-03-12 00:29:25,225 basehttp 16332 15720 "GET /myapp_2/coin/ HTTP/1.1" 404 2774
WARNING 2024-03-12 00:29:25,539 log 16332 15720 Not Found: /myapp_2/coin/
WARNING 2024-03-12 00:29:25,539 basehttp 16332 15720 "GET /myapp_2/coin/ HTTP/1.1" 404 2774
WARNING 2024-03-12 00:29:25,773 log 16332 15720 Not Found: /myapp_2/coin/
WARNING 2024-03-12 00:29:25,774 basehttp 16332 15720 "GET /myapp_2/coin/ HTTP/1.1" 404 2774
INFO 2024-03-12 00:29:55,733 autoreload 16332 11724 A:\GeekBrains\Django\Seminar\project\my_project\myapp_2\views.py changed, reloading.
INFO 2024-03-12 00:29:56,145 autoreload 1128 30992 Watching for file changes with StatReloader
WARNING 2024-03-12 00:31:08,894 log 1128 42828 Not Found: /myapp_2/coin/
WARNING 2024-03-12 00:31:08,895 basehttp 1128 42828 "GET /myapp_2/coin/ HTTP/1.1" 404 2774
WARNING 2024-03-12 00:31:09,612 log 1128 42828 Not Found: /myapp_2/coin/
WARNING 2024-03-12 00:31:09,613 basehttp 1128 42828 "GET /myapp_2/coin/ HTTP/1.1" 404 2774
WARNING 2024-03-12 00:31:09,939 log 1128 42828 Not Found: /myapp_2/coin/
WARNING 2024-03-12 00:31:09,940 basehttp 1128 42828 "GET /myapp_2/coin/ HTTP/1.1" 404 2774
ERROR 2024-03-12 00:31:17,922 log 1128 42828 Internal Server Error: /coin/
Traceback (most recent call last):
  File "A:\GeekBrains\Django\Seminar\project\my_env_seminar\Lib\site-packages\django\core\handlers\exception.py", line 55, in inner
    response = get_response(request)
               ^^^^^^^^^^^^^^^^^^^^^
  File "A:\GeekBrains\Django\Seminar\project\my_env_seminar\Lib\site-packages\django\core\handlers\base.py", line 197, in _get_response
    response = wrapped_callback(request, *callback_args, **callback_kwargs)
               ^^^^^^^^^^^^^^^^^^^^^^^^^^^^^^^^^^^^^^^^^^^^^^^^^^^^^^^^^^^^
  File "A:\GeekBrains\Django\Seminar\project\my_project\myapp_2\views.py", line 21, in coin
    coin = Coin(site=result)
           ^^^^^^^^^^^^^^^^^
  File "A:\GeekBrains\Django\Seminar\project\my_env_seminar\Lib\site-packages\django\db\models\base.py", line 567, in __init__
    raise TypeError(
TypeError: Coin() got unexpected keyword arguments: 'site'
ERROR 2024-03-12 00:31:17,923 basehttp 1128 42828 "GET /coin/ HTTP/1.1" 500 74914
INFO 2024-03-12 00:35:30,294 autoreload 1128 30992 A:\GeekBrains\Django\Seminar\project\my_project\myapp_2\models.py changed, reloading.
INFO 2024-03-12 00:35:30,746 autoreload 17024 36088 Watching for file changes with StatReloader
INFO 2024-03-12 00:37:24,194 autoreload 17024 36088 A:\GeekBrains\Django\Seminar\project\my_project\myapp_2\models.py changed, reloading.
INFO 2024-03-12 00:37:24,517 autoreload 41744 37804 Watching for file changes with StatReloader
INFO 2024-03-12 00:39:21,925 autoreload 37652 36760 Watching for file changes with StatReloader
ERROR 2024-03-12 00:39:24,290 log 37652 14920 Internal Server Error: /coin/
Traceback (most recent call last):
  File "A:\GeekBrains\Django\Seminar\project\my_env_seminar\Lib\site-packages\django\core\handlers\exception.py", line 55, in inner
    response = get_response(request)
               ^^^^^^^^^^^^^^^^^^^^^
  File "A:\GeekBrains\Django\Seminar\project\my_env_seminar\Lib\site-packages\django\core\handlers\base.py", line 197, in _get_response
    response = wrapped_callback(request, *callback_args, **callback_kwargs)
               ^^^^^^^^^^^^^^^^^^^^^^^^^^^^^^^^^^^^^^^^^^^^^^^^^^^^^^^^^^^^
  File "A:\GeekBrains\Django\Seminar\project\my_project\myapp_2\views.py", line 21, in coin
    coin = Coin(site=result)
           ^^^^^^^^^^^^^^^^^
  File "A:\GeekBrains\Django\Seminar\project\my_env_seminar\Lib\site-packages\django\db\models\base.py", line 567, in __init__
    raise TypeError(
TypeError: Coin() got unexpected keyword arguments: 'site'
ERROR 2024-03-12 00:39:24,292 basehttp 37652 14920 "GET /coin/ HTTP/1.1" 500 75057
ERROR 2024-03-12 00:39:25,573 log 37652 14920 Internal Server Error: /coin/
Traceback (most recent call last):
  File "A:\GeekBrains\Django\Seminar\project\my_env_seminar\Lib\site-packages\django\core\handlers\exception.py", line 55, in inner
    response = get_response(request)
               ^^^^^^^^^^^^^^^^^^^^^
  File "A:\GeekBrains\Django\Seminar\project\my_env_seminar\Lib\site-packages\django\core\handlers\base.py", line 197, in _get_response
    response = wrapped_callback(request, *callback_args, **callback_kwargs)
               ^^^^^^^^^^^^^^^^^^^^^^^^^^^^^^^^^^^^^^^^^^^^^^^^^^^^^^^^^^^^
  File "A:\GeekBrains\Django\Seminar\project\my_project\myapp_2\views.py", line 21, in coin
    coin = Coin(site=result)
           ^^^^^^^^^^^^^^^^^
  File "A:\GeekBrains\Django\Seminar\project\my_env_seminar\Lib\site-packages\django\db\models\base.py", line 567, in __init__
    raise TypeError(
TypeError: Coin() got unexpected keyword arguments: 'site'
ERROR 2024-03-12 00:39:25,574 basehttp 37652 14920 "GET /coin/ HTTP/1.1" 500 75057
INFO 2024-03-12 00:43:04,746 autoreload 37652 36760 A:\GeekBrains\Django\Seminar\project\my_project\myapp_2\views.py changed, reloading.
INFO 2024-03-12 00:43:05,104 autoreload 32744 41124 Watching for file changes with StatReloader
INFO 2024-03-12 00:43:34,615 autoreload 32744 41124 A:\GeekBrains\Django\Seminar\project\my_project\myapp_2\views.py changed, reloading.
INFO 2024-03-12 00:43:34,973 autoreload 42424 36852 Watching for file changes with StatReloader
ERROR 2024-03-12 00:43:36,514 log 42424 42544 Internal Server Error: /coin/
Traceback (most recent call last):
  File "A:\GeekBrains\Django\Seminar\project\my_env_seminar\Lib\site-packages\django\core\handlers\exception.py", line 55, in inner
    response = get_response(request)
               ^^^^^^^^^^^^^^^^^^^^^
  File "A:\GeekBrains\Django\Seminar\project\my_env_seminar\Lib\site-packages\django\core\handlers\base.py", line 197, in _get_response
    response = wrapped_callback(request, *callback_args, **callback_kwargs)
               ^^^^^^^^^^^^^^^^^^^^^^^^^^^^^^^^^^^^^^^^^^^^^^^^^^^^^^^^^^^^
  File "A:\GeekBrains\Django\Seminar\project\my_project\myapp_2\views.py", line 21, in coin
    result = Coin(site=site)
             ^^^^^^^^^^^^^^^
  File "A:\GeekBrains\Django\Seminar\project\my_env_seminar\Lib\site-packages\django\db\models\base.py", line 567, in __init__
    raise TypeError(
TypeError: Coin() got unexpected keyword arguments: 'site'
ERROR 2024-03-12 00:43:36,516 basehttp 42424 42544 "GET /coin/ HTTP/1.1" 500 75141
ERROR 2024-03-12 00:43:37,030 log 42424 42544 Internal Server Error: /coin/
Traceback (most recent call last):
  File "A:\GeekBrains\Django\Seminar\project\my_env_seminar\Lib\site-packages\django\core\handlers\exception.py", line 55, in inner
    response = get_response(request)
               ^^^^^^^^^^^^^^^^^^^^^
  File "A:\GeekBrains\Django\Seminar\project\my_env_seminar\Lib\site-packages\django\core\handlers\base.py", line 197, in _get_response
    response = wrapped_callback(request, *callback_args, **callback_kwargs)
               ^^^^^^^^^^^^^^^^^^^^^^^^^^^^^^^^^^^^^^^^^^^^^^^^^^^^^^^^^^^^
  File "A:\GeekBrains\Django\Seminar\project\my_project\myapp_2\views.py", line 21, in coin
    result = Coin(site=site)
             ^^^^^^^^^^^^^^^
  File "A:\GeekBrains\Django\Seminar\project\my_env_seminar\Lib\site-packages\django\db\models\base.py", line 567, in __init__
    raise TypeError(
TypeError: Coin() got unexpected keyword arguments: 'site'
ERROR 2024-03-12 00:43:37,031 basehttp 42424 42544 "GET /coin/ HTTP/1.1" 500 75146
ERROR 2024-03-12 00:43:37,284 log 42424 42544 Internal Server Error: /coin/
Traceback (most recent call last):
  File "A:\GeekBrains\Django\Seminar\project\my_env_seminar\Lib\site-packages\django\core\handlers\exception.py", line 55, in inner
    response = get_response(request)
               ^^^^^^^^^^^^^^^^^^^^^
  File "A:\GeekBrains\Django\Seminar\project\my_env_seminar\Lib\site-packages\django\core\handlers\base.py", line 197, in _get_response
    response = wrapped_callback(request, *callback_args, **callback_kwargs)
               ^^^^^^^^^^^^^^^^^^^^^^^^^^^^^^^^^^^^^^^^^^^^^^^^^^^^^^^^^^^^
  File "A:\GeekBrains\Django\Seminar\project\my_project\myapp_2\views.py", line 21, in coin
    result = Coin(site=site)
             ^^^^^^^^^^^^^^^
  File "A:\GeekBrains\Django\Seminar\project\my_env_seminar\Lib\site-packages\django\db\models\base.py", line 567, in __init__
    raise TypeError(
TypeError: Coin() got unexpected keyword arguments: 'site'
ERROR 2024-03-12 00:43:37,285 basehttp 42424 42544 "GET /coin/ HTTP/1.1" 500 75147
ERROR 2024-03-12 00:43:37,546 log 42424 42544 Internal Server Error: /coin/
Traceback (most recent call last):
  File "A:\GeekBrains\Django\Seminar\project\my_env_seminar\Lib\site-packages\django\core\handlers\exception.py", line 55, in inner
    response = get_response(request)
               ^^^^^^^^^^^^^^^^^^^^^
  File "A:\GeekBrains\Django\Seminar\project\my_env_seminar\Lib\site-packages\django\core\handlers\base.py", line 197, in _get_response
    response = wrapped_callback(request, *callback_args, **callback_kwargs)
               ^^^^^^^^^^^^^^^^^^^^^^^^^^^^^^^^^^^^^^^^^^^^^^^^^^^^^^^^^^^^
  File "A:\GeekBrains\Django\Seminar\project\my_project\myapp_2\views.py", line 21, in coin
    result = Coin(site=site)
             ^^^^^^^^^^^^^^^
  File "A:\GeekBrains\Django\Seminar\project\my_env_seminar\Lib\site-packages\django\db\models\base.py", line 567, in __init__
    raise TypeError(
TypeError: Coin() got unexpected keyword arguments: 'site'
ERROR 2024-03-12 00:43:37,547 basehttp 42424 42544 "GET /coin/ HTTP/1.1" 500 75147
INFO 2024-03-12 00:45:22,489 autoreload 42424 36852 A:\GeekBrains\Django\Seminar\project\my_project\myapp_2\views.py changed, reloading.
INFO 2024-03-12 00:45:22,861 autoreload 41280 42252 Watching for file changes with StatReloader
INFO 2024-03-12 00:46:14,614 autoreload 41280 42252 A:\GeekBrains\Django\Seminar\project\my_project\myapp_2\views.py changed, reloading.
INFO 2024-03-12 00:46:15,033 autoreload 11672 42068 Watching for file changes with StatReloader
ERROR 2024-03-12 00:46:16,849 log 11672 30456 Internal Server Error: /coin/
Traceback (most recent call last):
  File "A:\GeekBrains\Django\Seminar\project\my_env_seminar\Lib\site-packages\django\core\handlers\exception.py", line 55, in inner
    response = get_response(request)
               ^^^^^^^^^^^^^^^^^^^^^
  File "A:\GeekBrains\Django\Seminar\project\my_env_seminar\Lib\site-packages\django\core\handlers\base.py", line 197, in _get_response
    response = wrapped_callback(request, *callback_args, **callback_kwargs)
               ^^^^^^^^^^^^^^^^^^^^^^^^^^^^^^^^^^^^^^^^^^^^^^^^^^^^^^^^^^^^
  File "A:\GeekBrains\Django\Seminar\project\my_project\myapp_2\views.py", line 21, in coin
    orl_or_resh = Coin(site=result)
                  ^^^^^^^^^^^^^^^^^
  File "A:\GeekBrains\Django\Seminar\project\my_env_seminar\Lib\site-packages\django\db\models\base.py", line 567, in __init__
    raise TypeError(
TypeError: Coin() got unexpected keyword arguments: 'site'
ERROR 2024-03-12 00:46:16,851 basehttp 11672 30456 "GET /coin/ HTTP/1.1" 500 75185
ERROR 2024-03-12 00:46:17,414 log 11672 30456 Internal Server Error: /coin/
Traceback (most recent call last):
  File "A:\GeekBrains\Django\Seminar\project\my_env_seminar\Lib\site-packages\django\core\handlers\exception.py", line 55, in inner
    response = get_response(request)
               ^^^^^^^^^^^^^^^^^^^^^
  File "A:\GeekBrains\Django\Seminar\project\my_env_seminar\Lib\site-packages\django\core\handlers\base.py", line 197, in _get_response
    response = wrapped_callback(request, *callback_args, **callback_kwargs)
               ^^^^^^^^^^^^^^^^^^^^^^^^^^^^^^^^^^^^^^^^^^^^^^^^^^^^^^^^^^^^
  File "A:\GeekBrains\Django\Seminar\project\my_project\myapp_2\views.py", line 21, in coin
    orl_or_resh = Coin(site=result)
                  ^^^^^^^^^^^^^^^^^
  File "A:\GeekBrains\Django\Seminar\project\my_env_seminar\Lib\site-packages\django\db\models\base.py", line 567, in __init__
    raise TypeError(
TypeError: Coin() got unexpected keyword arguments: 'site'
ERROR 2024-03-12 00:46:17,415 basehttp 11672 30456 "GET /coin/ HTTP/1.1" 500 75185
ERROR 2024-03-12 00:46:53,336 log 11672 30456 Internal Server Error: /coin/
Traceback (most recent call last):
  File "A:\GeekBrains\Django\Seminar\project\my_env_seminar\Lib\site-packages\django\core\handlers\exception.py", line 55, in inner
    response = get_response(request)
               ^^^^^^^^^^^^^^^^^^^^^
  File "A:\GeekBrains\Django\Seminar\project\my_env_seminar\Lib\site-packages\django\core\handlers\base.py", line 197, in _get_response
    response = wrapped_callback(request, *callback_args, **callback_kwargs)
               ^^^^^^^^^^^^^^^^^^^^^^^^^^^^^^^^^^^^^^^^^^^^^^^^^^^^^^^^^^^^
  File "A:\GeekBrains\Django\Seminar\project\my_project\myapp_2\views.py", line 21, in coin
    orl_or_resh = Coin(result=result)
                  ^^^^^^^^^^^^^^^^^
  File "A:\GeekBrains\Django\Seminar\project\my_env_seminar\Lib\site-packages\django\db\models\base.py", line 567, in __init__
    raise TypeError(
TypeError: Coin() got unexpected keyword arguments: 'site'
ERROR 2024-03-12 00:46:53,338 basehttp 11672 30456 "GET /coin/ HTTP/1.1" 500 75195
INFO 2024-03-12 00:46:53,831 autoreload 11672 42068 A:\GeekBrains\Django\Seminar\project\my_project\myapp_2\views.py changed, reloading.
INFO 2024-03-12 00:46:54,222 autoreload 42344 41920 Watching for file changes with StatReloader
INFO 2024-03-12 00:46:54,448 basehttp 42344 42664 "GET /coin/ HTTP/1.1" 200 8
INFO 2024-03-12 00:46:55,835 basehttp 42344 42664 "GET /coin/ HTTP/1.1" 200 10
INFO 2024-03-12 00:46:56,594 basehttp 42344 42664 "GET /coin/ HTTP/1.1" 200 8
INFO 2024-03-12 00:46:56,900 basehttp 42344 42664 "GET /coin/ HTTP/1.1" 200 10
INFO 2024-03-12 00:46:57,847 basehttp 42344 42664 "GET /coin/ HTTP/1.1" 200 10
INFO 2024-03-12 00:46:58,066 basehttp 42344 42664 "GET /coin/ HTTP/1.1" 200 10
INFO 2024-03-12 00:46:58,277 basehttp 42344 42664 "GET /coin/ HTTP/1.1" 200 10
INFO 2024-03-12 00:46:58,485 basehttp 42344 42664 "GET /coin/ HTTP/1.1" 200 8
INFO 2024-03-12 00:46:58,687 basehttp 42344 42664 "GET /coin/ HTTP/1.1" 200 8
INFO 2024-03-12 00:46:58,922 basehttp 42344 42664 "GET /coin/ HTTP/1.1" 200 8
INFO 2024-03-12 00:47:10,053 basehttp 42344 42664 "GET /coin/ HTTP/1.1" 200 8
INFO 2024-03-12 00:47:12,772 basehttp 42344 42664 "GET /coin/ HTTP/1.1" 200 10
INFO 2024-03-12 15:42:48,510 autoreload 27408 38276 Watching for file changes with StatReloader
INFO 2024-03-12 15:42:51,662 basehttp 27408 25248 "GET /coin/ HTTP/1.1" 200 10
WARNING 2024-03-12 15:42:51,716 log 27408 25248 Not Found: /favicon.ico
WARNING 2024-03-12 15:42:51,716 basehttp 27408 25248 "GET /favicon.ico HTTP/1.1" 404 2768
INFO 2024-03-12 15:42:52,420 basehttp 27408 25248 "GET /coin/ HTTP/1.1" 200 10
INFO 2024-03-12 15:42:53,063 basehttp 27408 25248 "GET /coin/ HTTP/1.1" 200 8
INFO 2024-03-12 15:43:30,211 basehttp 27408 25248 "GET / HTTP/1.1" 200 1024
INFO 2024-03-12 15:43:31,157 basehttp 27408 25248 "GET / HTTP/1.1" 200 1024
INFO 2024-03-16 18:29:18,744 autoreload 6552 7984 Watching for file changes with StatReloader
INFO 2024-03-16 18:29:21,108 basehttp 6552 7044 "GET / HTTP/1.1" 200 1024
WARNING 2024-03-16 18:29:21,245 log 6552 7044 Not Found: /favicon.ico
WARNING 2024-03-16 18:29:21,246 basehttp 6552 7044 "GET /favicon.ico HTTP/1.1" 404 2768
INFO 2024-03-16 18:29:28,209 basehttp 6552 7044 "GET /coin/ HTTP/1.1" 200 8
INFO 2024-03-16 18:29:28,656 basehttp 6552 7044 "GET /coin/ HTTP/1.1" 200 8
INFO 2024-03-16 18:29:31,311 basehttp 6552 7044 "GET /coin/ HTTP/1.1" 200 8
INFO 2024-03-16 18:29:31,902 basehttp 6552 7044 "GET /coin/ HTTP/1.1" 200 10
INFO 2024-03-16 18:29:32,369 basehttp 6552 7044 "GET /coin/ HTTP/1.1" 200 10
INFO 2024-03-16 18:29:32,596 basehttp 6552 7044 "GET /coin/ HTTP/1.1" 200 8
INFO 2024-03-16 18:36:14,012 basehttp 6552 9956 "GET /coin/ HTTP/1.1" 200 10
INFO 2024-03-16 18:36:14,708 basehttp 6552 9956 "GET /coin/ HTTP/1.1" 200 8
WARNING 2024-03-16 18:36:45,319 log 6552 9956 Not Found: /coin/statistic
WARNING 2024-03-16 18:36:45,320 basehttp 6552 9956 "GET /coin/statistic HTTP/1.1" 404 2777
WARNING 2024-03-16 18:37:04,911 log 6552 9956 Not Found: /coin/statistic5
WARNING 2024-03-16 18:37:04,912 basehttp 6552 9956 "GET /coin/statistic5 HTTP/1.1" 404 2780
INFO 2024-03-16 18:37:13,301 basehttp 6552 9956 "GET /coin/ HTTP/1.1" 200 8
INFO 2024-03-16 23:00:52,722 autoreload 11036 17740 Watching for file changes with StatReloader
INFO 2024-03-16 23:00:58,044 basehttp 11036 17844 "GET / HTTP/1.1" 200 1024
INFO 2024-03-16 23:01:00,277 basehttp 11036 17844 "GET / HTTP/1.1" 200 1024
WARNING 2024-03-16 23:01:18,231 log 11036 17844 Not Found: /orders
WARNING 2024-03-16 23:01:18,232 basehttp 11036 17844 "GET /orders HTTP/1.1" 404 3427
INFO 2024-03-16 23:01:37,092 basehttp 11036 17844 "GET /order HTTP/1.1" 301 0
INFO 2024-03-16 23:01:37,098 basehttp 11036 11508 "GET /order/ HTTP/1.1" 200 28
INFO 2024-03-17 00:40:36,498 basehttp 11036 16244 "GET /product HTTP/1.1" 301 0
INFO 2024-03-17 00:40:36,511 basehttp 11036 10960 "GET /product/ HTTP/1.1" 200 30
INFO 2024-03-17 00:40:48,983 basehttp 11036 10960 "GET /client HTTP/1.1" 301 0
INFO 2024-03-17 00:40:48,988 basehttp 11036 21696 "GET /client/ HTTP/1.1" 200 29
INFO 2024-03-17 01:32:36,531 autoreload 22748 22612 Watching for file changes with StatReloader
INFO 2024-03-17 01:32:46,880 basehttp 22748 21464 "GET / HTTP/1.1" 200 1024
INFO 2024-03-17 01:32:52,824 basehttp 22748 21464 "GET / HTTP/1.1" 200 1024
INFO 2024-03-17 01:32:53,886 basehttp 22748 21464 "GET / HTTP/1.1" 200 1024
INFO 2024-03-17 01:32:54,326 basehttp 22748 21464 "GET / HTTP/1.1" 200 1024
INFO 2024-03-17 01:32:54,722 basehttp 22748 21464 "GET / HTTP/1.1" 200 1024
INFO 2024-03-17 01:32:58,901 basehttp 22748 21464 "GET /about/ HTTP/1.1" 200 987
INFO 2024-03-17 01:33:00,258 basehttp 22748 21464 "GET / HTTP/1.1" 200 1024
INFO 2024-03-17 01:33:01,269 basehttp 22748 21464 "GET /about/ HTTP/1.1" 200 987
INFO 2024-03-17 01:33:01,791 basehttp 22748 21464 "GET / HTTP/1.1" 200 1024
INFO 2024-03-17 01:33:02,225 basehttp 22748 21464 "GET /about/ HTTP/1.1" 200 987
INFO 2024-03-19 23:54:52,290 autoreload 11612 10908 Watching for file changes with StatReloader
ERROR 2024-03-19 23:54:54,488 log 11612 1848 Internal Server Error: /
Traceback (most recent call last):
  File "A:\GeekBrains\Django\Seminar\project\my_env_seminar\Lib\site-packages\django\template\backends\django.py", line 61, in render
    return self.template.render(context)
           ^^^^^^^^^^^^^^^^^^^^^^^^^^^^^
  File "A:\GeekBrains\Django\Seminar\project\my_env_seminar\Lib\site-packages\django\template\base.py", line 171, in render
    return self._render(context)
           ^^^^^^^^^^^^^^^^^^^^^
  File "A:\GeekBrains\Django\Seminar\project\my_env_seminar\Lib\site-packages\django\template\base.py", line 163, in _render
    return self.nodelist.render(context)
           ^^^^^^^^^^^^^^^^^^^^^^^^^^^^^
  File "A:\GeekBrains\Django\Seminar\project\my_env_seminar\Lib\site-packages\django\template\base.py", line 1000, in render
    return SafeString("".join([node.render_annotated(context) for node in self]))
                              ^^^^^^^^^^^^^^^^^^^^^^^^^^^^^^^^^^^^^^^^^^^^^^^^^
  File "A:\GeekBrains\Django\Seminar\project\my_env_seminar\Lib\site-packages\django\template\base.py", line 1000, in <listcomp>
    return SafeString("".join([node.render_annotated(context) for node in self]))
                               ^^^^^^^^^^^^^^^^^^^^^^^^^^^^^^
  File "A:\GeekBrains\Django\Seminar\project\my_env_seminar\Lib\site-packages\django\template\base.py", line 961, in render_annotated
    return self.render(context)
           ^^^^^^^^^^^^^^^^^^^^
  File "A:\GeekBrains\Django\Seminar\project\my_env_seminar\Lib\site-packages\django\template\loader_tags.py", line 134, in render
    compiled_parent = self.get_parent(context)
                      ^^^^^^^^^^^^^^^^^^^^^^^^
  File "A:\GeekBrains\Django\Seminar\project\my_env_seminar\Lib\site-packages\django\template\loader_tags.py", line 131, in get_parent
    return self.find_template(parent, context)
           ^^^^^^^^^^^^^^^^^^^^^^^^^^^^^^^^^^^
  File "A:\GeekBrains\Django\Seminar\project\my_env_seminar\Lib\site-packages\django\template\loader_tags.py", line 109, in find_template
    template, origin = context.template.engine.find_template(
                       ^^^^^^^^^^^^^^^^^^^^^^^^^^^^^^^^^^^^^^
  File "A:\GeekBrains\Django\Seminar\project\my_env_seminar\Lib\site-packages\django\template\engine.py", line 163, in find_template
    raise TemplateDoesNotExist(name, tried=tried)
django.template.exceptions.TemplateDoesNotExist: base.html

The above exception was the direct cause of the following exception:

Traceback (most recent call last):
  File "A:\GeekBrains\Django\Seminar\project\my_env_seminar\Lib\site-packages\django\core\handlers\exception.py", line 55, in inner
    response = get_response(request)
               ^^^^^^^^^^^^^^^^^^^^^
  File "A:\GeekBrains\Django\Seminar\project\my_env_seminar\Lib\site-packages\django\core\handlers\base.py", line 197, in _get_response
    response = wrapped_callback(request, *callback_args, **callback_kwargs)
               ^^^^^^^^^^^^^^^^^^^^^^^^^^^^^^^^^^^^^^^^^^^^^^^^^^^^^^^^^^^^
  File "A:\GeekBrains\Django\Seminar\project\my_project\myapp_1\views.py", line 36, in index
    return render(request, 'myapp_1/index.html')
           ^^^^^^^^^^^^^^^^^^^^^^^^^^^^^^^^^^^^^
  File "A:\GeekBrains\Django\Seminar\project\my_env_seminar\Lib\site-packages\django\shortcuts.py", line 25, in render
    content = loader.render_to_string(template_name, context, request, using=using)
              ^^^^^^^^^^^^^^^^^^^^^^^^^^^^^^^^^^^^^^^^^^^^^^^^^^^^^^^^^^^^^^^^^^^^^
  File "A:\GeekBrains\Django\Seminar\project\my_env_seminar\Lib\site-packages\django\template\loader.py", line 62, in render_to_string
    return template.render(context, request)
           ^^^^^^^^^^^^^^^^^^^^^^^^^^^^^^^^^
  File "A:\GeekBrains\Django\Seminar\project\my_env_seminar\Lib\site-packages\django\template\backends\django.py", line 63, in render
    reraise(exc, self.backend)
  File "A:\GeekBrains\Django\Seminar\project\my_env_seminar\Lib\site-packages\django\template\backends\django.py", line 84, in reraise
    raise new from exc
django.template.exceptions.TemplateDoesNotExist: base.html
ERROR 2024-03-19 23:54:54,494 basehttp 11612 1848 "GET / HTTP/1.1" 500 134012
ERROR 2024-03-19 23:54:58,643 log 11612 1848 Internal Server Error: /
Traceback (most recent call last):
  File "A:\GeekBrains\Django\Seminar\project\my_env_seminar\Lib\site-packages\django\template\backends\django.py", line 61, in render
    return self.template.render(context)
           ^^^^^^^^^^^^^^^^^^^^^^^^^^^^^
  File "A:\GeekBrains\Django\Seminar\project\my_env_seminar\Lib\site-packages\django\template\base.py", line 171, in render
    return self._render(context)
           ^^^^^^^^^^^^^^^^^^^^^
  File "A:\GeekBrains\Django\Seminar\project\my_env_seminar\Lib\site-packages\django\template\base.py", line 163, in _render
    return self.nodelist.render(context)
           ^^^^^^^^^^^^^^^^^^^^^^^^^^^^^
  File "A:\GeekBrains\Django\Seminar\project\my_env_seminar\Lib\site-packages\django\template\base.py", line 1000, in render
    return SafeString("".join([node.render_annotated(context) for node in self]))
                              ^^^^^^^^^^^^^^^^^^^^^^^^^^^^^^^^^^^^^^^^^^^^^^^^^
  File "A:\GeekBrains\Django\Seminar\project\my_env_seminar\Lib\site-packages\django\template\base.py", line 1000, in <listcomp>
    return SafeString("".join([node.render_annotated(context) for node in self]))
                               ^^^^^^^^^^^^^^^^^^^^^^^^^^^^^^
  File "A:\GeekBrains\Django\Seminar\project\my_env_seminar\Lib\site-packages\django\template\base.py", line 961, in render_annotated
    return self.render(context)
           ^^^^^^^^^^^^^^^^^^^^
  File "A:\GeekBrains\Django\Seminar\project\my_env_seminar\Lib\site-packages\django\template\loader_tags.py", line 134, in render
    compiled_parent = self.get_parent(context)
                      ^^^^^^^^^^^^^^^^^^^^^^^^
  File "A:\GeekBrains\Django\Seminar\project\my_env_seminar\Lib\site-packages\django\template\loader_tags.py", line 131, in get_parent
    return self.find_template(parent, context)
           ^^^^^^^^^^^^^^^^^^^^^^^^^^^^^^^^^^^
  File "A:\GeekBrains\Django\Seminar\project\my_env_seminar\Lib\site-packages\django\template\loader_tags.py", line 109, in find_template
    template, origin = context.template.engine.find_template(
                       ^^^^^^^^^^^^^^^^^^^^^^^^^^^^^^^^^^^^^^
  File "A:\GeekBrains\Django\Seminar\project\my_env_seminar\Lib\site-packages\django\template\engine.py", line 163, in find_template
    raise TemplateDoesNotExist(name, tried=tried)
django.template.exceptions.TemplateDoesNotExist: base.html

The above exception was the direct cause of the following exception:

Traceback (most recent call last):
  File "A:\GeekBrains\Django\Seminar\project\my_env_seminar\Lib\site-packages\django\core\handlers\exception.py", line 55, in inner
    response = get_response(request)
               ^^^^^^^^^^^^^^^^^^^^^
  File "A:\GeekBrains\Django\Seminar\project\my_env_seminar\Lib\site-packages\django\core\handlers\base.py", line 197, in _get_response
    response = wrapped_callback(request, *callback_args, **callback_kwargs)
               ^^^^^^^^^^^^^^^^^^^^^^^^^^^^^^^^^^^^^^^^^^^^^^^^^^^^^^^^^^^^
  File "A:\GeekBrains\Django\Seminar\project\my_project\myapp_1\views.py", line 36, in index
    return render(request, 'myapp_1/index.html')
           ^^^^^^^^^^^^^^^^^^^^^^^^^^^^^^^^^^^^^
  File "A:\GeekBrains\Django\Seminar\project\my_env_seminar\Lib\site-packages\django\shortcuts.py", line 25, in render
    content = loader.render_to_string(template_name, context, request, using=using)
              ^^^^^^^^^^^^^^^^^^^^^^^^^^^^^^^^^^^^^^^^^^^^^^^^^^^^^^^^^^^^^^^^^^^^^
  File "A:\GeekBrains\Django\Seminar\project\my_env_seminar\Lib\site-packages\django\template\loader.py", line 62, in render_to_string
    return template.render(context, request)
           ^^^^^^^^^^^^^^^^^^^^^^^^^^^^^^^^^
  File "A:\GeekBrains\Django\Seminar\project\my_env_seminar\Lib\site-packages\django\template\backends\django.py", line 63, in render
    reraise(exc, self.backend)
  File "A:\GeekBrains\Django\Seminar\project\my_env_seminar\Lib\site-packages\django\template\backends\django.py", line 84, in reraise
    raise new from exc
django.template.exceptions.TemplateDoesNotExist: base.html
ERROR 2024-03-19 23:54:58,647 basehttp 11612 1848 "GET / HTTP/1.1" 500 134149
WARNING 2024-03-19 23:55:09,820 log 11612 1848 Not Found: /index
WARNING 2024-03-19 23:55:09,821 basehttp 11612 1848 "GET /index HTTP/1.1" 404 3424
WARNING 2024-03-19 23:57:12,150 log 11612 1848 Not Found: /index
WARNING 2024-03-19 23:57:12,151 basehttp 11612 1848 "GET /index HTTP/1.1" 404 3424
INFO 2024-03-19 23:57:12,305 autoreload 11612 10908 A:\GeekBrains\Django\Seminar\project\my_project\myapp_1\urls.py changed, reloading.
INFO 2024-03-19 23:57:12,606 autoreload 10268 23140 Watching for file changes with StatReloader
INFO 2024-03-19 23:59:01,011 autoreload 10268 23140 A:\GeekBrains\Django\Seminar\project\my_project\myapp_1\urls.py changed, reloading.
INFO 2024-03-19 23:59:01,352 autoreload 6860 25140 Watching for file changes with StatReloader
WARNING 2024-03-19 23:59:03,707 log 6860 3192 Not Found: /index
WARNING 2024-03-19 23:59:03,708 basehttp 6860 3192 "GET /index HTTP/1.1" 404 2410
INFO 2024-03-19 23:59:12,760 basehttp 6860 3192 "GET /sem1 HTTP/1.1" 301 0
ERROR 2024-03-19 23:59:12,791 log 6860 17860 Internal Server Error: /sem1/
Traceback (most recent call last):
  File "A:\GeekBrains\Django\Seminar\project\my_env_seminar\Lib\site-packages\django\template\backends\django.py", line 61, in render
    return self.template.render(context)
           ^^^^^^^^^^^^^^^^^^^^^^^^^^^^^
  File "A:\GeekBrains\Django\Seminar\project\my_env_seminar\Lib\site-packages\django\template\base.py", line 171, in render
    return self._render(context)
           ^^^^^^^^^^^^^^^^^^^^^
  File "A:\GeekBrains\Django\Seminar\project\my_env_seminar\Lib\site-packages\django\template\base.py", line 163, in _render
    return self.nodelist.render(context)
           ^^^^^^^^^^^^^^^^^^^^^^^^^^^^^
  File "A:\GeekBrains\Django\Seminar\project\my_env_seminar\Lib\site-packages\django\template\base.py", line 1000, in render
    return SafeString("".join([node.render_annotated(context) for node in self]))
                              ^^^^^^^^^^^^^^^^^^^^^^^^^^^^^^^^^^^^^^^^^^^^^^^^^
  File "A:\GeekBrains\Django\Seminar\project\my_env_seminar\Lib\site-packages\django\template\base.py", line 1000, in <listcomp>
    return SafeString("".join([node.render_annotated(context) for node in self]))
                               ^^^^^^^^^^^^^^^^^^^^^^^^^^^^^^
  File "A:\GeekBrains\Django\Seminar\project\my_env_seminar\Lib\site-packages\django\template\base.py", line 961, in render_annotated
    return self.render(context)
           ^^^^^^^^^^^^^^^^^^^^
  File "A:\GeekBrains\Django\Seminar\project\my_env_seminar\Lib\site-packages\django\template\loader_tags.py", line 134, in render
    compiled_parent = self.get_parent(context)
                      ^^^^^^^^^^^^^^^^^^^^^^^^
  File "A:\GeekBrains\Django\Seminar\project\my_env_seminar\Lib\site-packages\django\template\loader_tags.py", line 131, in get_parent
    return self.find_template(parent, context)
           ^^^^^^^^^^^^^^^^^^^^^^^^^^^^^^^^^^^
  File "A:\GeekBrains\Django\Seminar\project\my_env_seminar\Lib\site-packages\django\template\loader_tags.py", line 109, in find_template
    template, origin = context.template.engine.find_template(
                       ^^^^^^^^^^^^^^^^^^^^^^^^^^^^^^^^^^^^^^
  File "A:\GeekBrains\Django\Seminar\project\my_env_seminar\Lib\site-packages\django\template\engine.py", line 163, in find_template
    raise TemplateDoesNotExist(name, tried=tried)
django.template.exceptions.TemplateDoesNotExist: base.html

The above exception was the direct cause of the following exception:

Traceback (most recent call last):
  File "A:\GeekBrains\Django\Seminar\project\my_env_seminar\Lib\site-packages\django\core\handlers\exception.py", line 55, in inner
    response = get_response(request)
               ^^^^^^^^^^^^^^^^^^^^^
  File "A:\GeekBrains\Django\Seminar\project\my_env_seminar\Lib\site-packages\django\core\handlers\base.py", line 197, in _get_response
    response = wrapped_callback(request, *callback_args, **callback_kwargs)
               ^^^^^^^^^^^^^^^^^^^^^^^^^^^^^^^^^^^^^^^^^^^^^^^^^^^^^^^^^^^^
  File "A:\GeekBrains\Django\Seminar\project\my_project\myapp_1\views.py", line 36, in index
    return render(request, 'myapp_1/index.html')
           ^^^^^^^^^^^^^^^^^^^^^^^^^^^^^^^^^^^^^
  File "A:\GeekBrains\Django\Seminar\project\my_env_seminar\Lib\site-packages\django\shortcuts.py", line 25, in render
    content = loader.render_to_string(template_name, context, request, using=using)
              ^^^^^^^^^^^^^^^^^^^^^^^^^^^^^^^^^^^^^^^^^^^^^^^^^^^^^^^^^^^^^^^^^^^^^
  File "A:\GeekBrains\Django\Seminar\project\my_env_seminar\Lib\site-packages\django\template\loader.py", line 62, in render_to_string
    return template.render(context, request)
           ^^^^^^^^^^^^^^^^^^^^^^^^^^^^^^^^^
  File "A:\GeekBrains\Django\Seminar\project\my_env_seminar\Lib\site-packages\django\template\backends\django.py", line 63, in render
    reraise(exc, self.backend)
  File "A:\GeekBrains\Django\Seminar\project\my_env_seminar\Lib\site-packages\django\template\backends\django.py", line 84, in reraise
    raise new from exc
django.template.exceptions.TemplateDoesNotExist: base.html
ERROR 2024-03-19 23:59:12,795 basehttp 6860 17860 "GET /sem1/ HTTP/1.1" 500 134082
INFO 2024-03-19 23:59:19,890 basehttp 6860 17860 "GET /sem1/index HTTP/1.1" 301 0
ERROR 2024-03-19 23:59:19,913 log 6860 20856 Internal Server Error: /sem1/index/
Traceback (most recent call last):
  File "A:\GeekBrains\Django\Seminar\project\my_env_seminar\Lib\site-packages\django\template\backends\django.py", line 61, in render
    return self.template.render(context)
           ^^^^^^^^^^^^^^^^^^^^^^^^^^^^^
  File "A:\GeekBrains\Django\Seminar\project\my_env_seminar\Lib\site-packages\django\template\base.py", line 171, in render
    return self._render(context)
           ^^^^^^^^^^^^^^^^^^^^^
  File "A:\GeekBrains\Django\Seminar\project\my_env_seminar\Lib\site-packages\django\template\base.py", line 163, in _render
    return self.nodelist.render(context)
           ^^^^^^^^^^^^^^^^^^^^^^^^^^^^^
  File "A:\GeekBrains\Django\Seminar\project\my_env_seminar\Lib\site-packages\django\template\base.py", line 1000, in render
    return SafeString("".join([node.render_annotated(context) for node in self]))
                              ^^^^^^^^^^^^^^^^^^^^^^^^^^^^^^^^^^^^^^^^^^^^^^^^^
  File "A:\GeekBrains\Django\Seminar\project\my_env_seminar\Lib\site-packages\django\template\base.py", line 1000, in <listcomp>
    return SafeString("".join([node.render_annotated(context) for node in self]))
                               ^^^^^^^^^^^^^^^^^^^^^^^^^^^^^^
  File "A:\GeekBrains\Django\Seminar\project\my_env_seminar\Lib\site-packages\django\template\base.py", line 961, in render_annotated
    return self.render(context)
           ^^^^^^^^^^^^^^^^^^^^
  File "A:\GeekBrains\Django\Seminar\project\my_env_seminar\Lib\site-packages\django\template\loader_tags.py", line 134, in render
    compiled_parent = self.get_parent(context)
                      ^^^^^^^^^^^^^^^^^^^^^^^^
  File "A:\GeekBrains\Django\Seminar\project\my_env_seminar\Lib\site-packages\django\template\loader_tags.py", line 131, in get_parent
    return self.find_template(parent, context)
           ^^^^^^^^^^^^^^^^^^^^^^^^^^^^^^^^^^^
  File "A:\GeekBrains\Django\Seminar\project\my_env_seminar\Lib\site-packages\django\template\loader_tags.py", line 109, in find_template
    template, origin = context.template.engine.find_template(
                       ^^^^^^^^^^^^^^^^^^^^^^^^^^^^^^^^^^^^^^
  File "A:\GeekBrains\Django\Seminar\project\my_env_seminar\Lib\site-packages\django\template\engine.py", line 163, in find_template
    raise TemplateDoesNotExist(name, tried=tried)
django.template.exceptions.TemplateDoesNotExist: base.html

The above exception was the direct cause of the following exception:

Traceback (most recent call last):
  File "A:\GeekBrains\Django\Seminar\project\my_env_seminar\Lib\site-packages\django\core\handlers\exception.py", line 55, in inner
    response = get_response(request)
               ^^^^^^^^^^^^^^^^^^^^^
  File "A:\GeekBrains\Django\Seminar\project\my_env_seminar\Lib\site-packages\django\core\handlers\base.py", line 197, in _get_response
    response = wrapped_callback(request, *callback_args, **callback_kwargs)
               ^^^^^^^^^^^^^^^^^^^^^^^^^^^^^^^^^^^^^^^^^^^^^^^^^^^^^^^^^^^^
  File "A:\GeekBrains\Django\Seminar\project\my_project\myapp_1\views.py", line 36, in index
    return render(request, 'myapp_1/index.html')
           ^^^^^^^^^^^^^^^^^^^^^^^^^^^^^^^^^^^^^
  File "A:\GeekBrains\Django\Seminar\project\my_env_seminar\Lib\site-packages\django\shortcuts.py", line 25, in render
    content = loader.render_to_string(template_name, context, request, using=using)
              ^^^^^^^^^^^^^^^^^^^^^^^^^^^^^^^^^^^^^^^^^^^^^^^^^^^^^^^^^^^^^^^^^^^^^
  File "A:\GeekBrains\Django\Seminar\project\my_env_seminar\Lib\site-packages\django\template\loader.py", line 62, in render_to_string
    return template.render(context, request)
           ^^^^^^^^^^^^^^^^^^^^^^^^^^^^^^^^^
  File "A:\GeekBrains\Django\Seminar\project\my_env_seminar\Lib\site-packages\django\template\backends\django.py", line 63, in render
    reraise(exc, self.backend)
  File "A:\GeekBrains\Django\Seminar\project\my_env_seminar\Lib\site-packages\django\template\backends\django.py", line 84, in reraise
    raise new from exc
django.template.exceptions.TemplateDoesNotExist: base.html
ERROR 2024-03-19 23:59:19,917 basehttp 6860 20856 "GET /sem1/index/ HTTP/1.1" 500 134166
INFO 2024-03-20 00:02:05,212 basehttp 6860 20856 "GET /sem1/index/ HTTP/1.1" 200 1009
WARNING 2024-03-20 00:02:10,867 log 6860 20856 Not Found: /about/
WARNING 2024-03-20 00:02:10,867 basehttp 6860 20856 "GET /about/ HTTP/1.1" 404 2413
INFO 2024-03-20 00:02:41,154 basehttp 6860 20856 "GET /sem1/about HTTP/1.1" 301 0
INFO 2024-03-20 00:02:41,159 basehttp 6860 2440 "GET /sem1/about/ HTTP/1.1" 200 257
INFO 2024-03-20 00:03:21,070 basehttp 6860 2440 "GET /sem1/index/ HTTP/1.1" 200 1013
WARNING 2024-03-20 00:03:22,552 log 6860 2440 Not Found: /sem1/index/sem1/about/
WARNING 2024-03-20 00:03:22,552 basehttp 6860 2440 "GET /sem1/index/sem1/about/ HTTP/1.1" 404 3036
WARNING 2024-03-20 00:03:24,028 log 6860 2440 Not Found: /sem1/index/sem1/about/
WARNING 2024-03-20 00:03:24,028 basehttp 6860 2440 "GET /sem1/index/sem1/about/ HTTP/1.1" 404 3036
WARNING 2024-03-20 00:03:24,685 log 6860 2440 Not Found: /sem1/index/sem1/about/
WARNING 2024-03-20 00:03:24,686 basehttp 6860 2440 "GET /sem1/index/sem1/about/ HTTP/1.1" 404 3036
WARNING 2024-03-20 00:03:31,281 log 6860 2440 Not Found: /sem1/index/sem1/about/
WARNING 2024-03-20 00:03:31,281 basehttp 6860 2440 "GET /sem1/index/sem1/about/ HTTP/1.1" 404 3036
WARNING 2024-03-20 00:03:31,899 log 6860 2440 Not Found: /sem1/index/sem1/about/
WARNING 2024-03-20 00:03:31,899 basehttp 6860 2440 "GET /sem1/index/sem1/about/ HTTP/1.1" 404 3036
WARNING 2024-03-20 00:03:32,594 log 6860 2440 Not Found: /sem1/index/sem1/about/
WARNING 2024-03-20 00:03:32,595 basehttp 6860 2440 "GET /sem1/index/sem1/about/ HTTP/1.1" 404 3036
WARNING 2024-03-20 00:03:41,930 log 6860 2440 Not Found: /
WARNING 2024-03-20 00:03:41,931 basehttp 6860 2440 "GET / HTTP/1.1" 404 2377
WARNING 2024-03-20 00:03:45,914 log 6860 2440 Not Found: /
WARNING 2024-03-20 00:03:45,915 basehttp 6860 2440 "GET / HTTP/1.1" 404 2377
INFO 2024-03-20 00:04:07,000 basehttp 6860 2440 "GET /sem1/index/ HTTP/1.1" 200 1008
WARNING 2024-03-20 00:04:09,066 log 6860 2440 Not Found: /sem1/index/about/
WARNING 2024-03-20 00:04:09,066 basehttp 6860 2440 "GET /sem1/index/about/ HTTP/1.1" 404 3021
WARNING 2024-03-20 00:05:46,490 log 6860 2440 Not Found: /
WARNING 2024-03-20 00:05:46,491 basehttp 6860 2440 "GET / HTTP/1.1" 404 2377
WARNING 2024-03-20 00:06:18,288 log 6860 2440 Not Found: /
WARNING 2024-03-20 00:06:18,289 basehttp 6860 2440 "GET / HTTP/1.1" 404 2377
INFO 2024-03-20 00:06:19,041 autoreload 6860 25140 A:\GeekBrains\Django\Seminar\project\my_project\myapp_1\urls.py changed, reloading.
INFO 2024-03-20 00:06:19,365 autoreload 11336 25456 Watching for file changes with StatReloader
WARNING 2024-03-20 00:06:19,611 log 11336 6640 Not Found: /
WARNING 2024-03-20 00:06:19,611 basehttp 11336 6640 "GET / HTTP/1.1" 404 2377
WARNING 2024-03-20 00:06:22,535 log 11336 6640 Not Found: /
WARNING 2024-03-20 00:06:22,535 basehttp 11336 6640 "GET / HTTP/1.1" 404 2377
WARNING 2024-03-20 00:06:23,570 log 11336 6640 Not Found: /
WARNING 2024-03-20 00:06:23,571 basehttp 11336 6640 "GET / HTTP/1.1" 404 2377
INFO 2024-03-20 00:06:32,673 basehttp 11336 6640 "GET /sem1/ HTTP/1.1" 200 1008
WARNING 2024-03-20 00:06:35,039 log 11336 6640 Not Found: /
WARNING 2024-03-20 00:06:35,039 basehttp 11336 6640 "GET / HTTP/1.1" 404 2377
INFO 2024-03-20 00:07:20,422 basehttp 11336 6640 "GET /sem1/ HTTP/1.1" 200 1008
INFO 2024-03-20 00:07:22,862 basehttp 11336 6640 "GET /sem1/about/ HTTP/1.1" 200 257
INFO 2024-03-20 00:34:30,750 autoreload 11336 25456 A:\GeekBrains\Django\Seminar\project\my_project\myapp_1\views.py changed, reloading.
INFO 2024-03-20 00:34:31,152 autoreload 20800 7404 Watching for file changes with StatReloader
INFO 2024-03-20 00:34:45,278 basehttp 20800 15240 "GET /sem1/about/ HTTP/1.1" 200 268
INFO 2024-03-20 00:34:45,901 basehttp 20800 15240 "GET /sem1/about/ HTTP/1.1" 200 268
INFO 2024-03-20 00:34:53,026 basehttp 20800 15240 "GET /sem1/ HTTP/1.1" 200 1019
INFO 2024-03-20 00:34:53,901 basehttp 20800 15240 "GET /sem1/ HTTP/1.1" 200 1019
INFO 2024-03-20 00:35:04,884 basehttp 20800 15240 "GET /sem1/ HTTP/1.1" 200 1019
WARNING 2024-03-20 00:35:06,568 log 20800 15240 Not Found: /
WARNING 2024-03-20 00:35:06,568 basehttp 20800 15240 "GET / HTTP/1.1" 404 2377
INFO 2024-03-20 00:35:31,205 autoreload 20800 7404 A:\GeekBrains\Django\Seminar\project\my_project\myapp_1\urls.py changed, reloading.
INFO 2024-03-20 00:35:31,538 autoreload 25868 25696 Watching for file changes with StatReloader
WARNING 2024-03-20 00:35:33,402 log 25868 17092 Not Found: /
WARNING 2024-03-20 00:35:33,403 basehttp 25868 17092 "GET / HTTP/1.1" 404 2377
INFO 2024-03-20 00:35:43,219 basehttp 25868 17092 "GET /sem1/ HTTP/1.1" 200 1019
INFO 2024-03-20 00:35:44,963 basehttp 25868 17092 "GET /sem1/ HTTP/1.1" 200 1019
INFO 2024-03-20 00:35:53,772 basehttp 25868 17092 "GET /sem1/coin HTTP/1.1" 301 0
INFO 2024-03-20 00:35:53,782 basehttp 25868 25536 "GET /sem1/coin/ HTTP/1.1" 200 8
INFO 2024-03-20 00:35:56,037 basehttp 25868 25536 "GET /sem1/coin/ HTTP/1.1" 200 8
INFO 2024-03-20 00:35:56,424 basehttp 25868 25536 "GET /sem1/coin/ HTTP/1.1" 200 10
INFO 2024-03-20 00:35:56,988 basehttp 25868 25536 "GET /sem1/coin/ HTTP/1.1" 200 10
INFO 2024-03-20 00:35:57,179 basehttp 25868 25536 "GET /sem1/coin/ HTTP/1.1" 200 10
INFO 2024-03-20 19:05:27,305 autoreload 16252 25572 Watching for file changes with StatReloader
WARNING 2024-03-20 19:05:30,063 log 16252 14456 Not Found: /
WARNING 2024-03-20 19:05:30,064 basehttp 16252 14456 "GET / HTTP/1.1" 404 2483
WARNING 2024-03-20 19:05:30,184 log 16252 14456 Not Found: /favicon.ico
WARNING 2024-03-20 19:05:30,185 basehttp 16252 14456 "GET /favicon.ico HTTP/1.1" 404 2534
INFO 2024-03-20 19:05:38,119 basehttp 16252 14456 "GET /games HTTP/1.1" 301 0
INFO 2024-03-20 19:05:38,128 basehttp 16252 9316 "GET /games/ HTTP/1.1" 200 525
ERROR 2024-03-20 19:05:57,534 log 16252 9316 Internal Server Error: /games/heads_or_tails/
Traceback (most recent call last):
  File "A:\GeekBrains\Django\Seminar\project\my_env_seminar\Lib\site-packages\django\db\backends\utils.py", line 105, in _execute
    return self.cursor.execute(sql, params)
           ^^^^^^^^^^^^^^^^^^^^^^^^^^^^^^^^
  File "A:\GeekBrains\Django\Seminar\project\my_env_seminar\Lib\site-packages\django\db\backends\sqlite3\base.py", line 329, in execute
    return super().execute(query, params)
           ^^^^^^^^^^^^^^^^^^^^^^^^^^^^^^
sqlite3.OperationalError: no such table: games_heads_or_tails

The above exception was the direct cause of the following exception:

Traceback (most recent call last):
  File "A:\GeekBrains\Django\Seminar\project\my_env_seminar\Lib\site-packages\django\core\handlers\exception.py", line 55, in inner
    response = get_response(request)
               ^^^^^^^^^^^^^^^^^^^^^
  File "A:\GeekBrains\Django\Seminar\project\my_env_seminar\Lib\site-packages\django\core\handlers\base.py", line 197, in _get_response
    response = wrapped_callback(request, *callback_args, **callback_kwargs)
               ^^^^^^^^^^^^^^^^^^^^^^^^^^^^^^^^^^^^^^^^^^^^^^^^^^^^^^^^^^^^
  File "A:\GeekBrains\Django\Seminar\project\my_project\games\views.py", line 55, in heads_or_tails
    record.save()
  File "A:\GeekBrains\Django\Seminar\project\my_env_seminar\Lib\site-packages\django\db\models\base.py", line 822, in save
    self.save_base(
  File "A:\GeekBrains\Django\Seminar\project\my_env_seminar\Lib\site-packages\django\db\models\base.py", line 909, in save_base
    updated = self._save_table(
              ^^^^^^^^^^^^^^^^^
  File "A:\GeekBrains\Django\Seminar\project\my_env_seminar\Lib\site-packages\django\db\models\base.py", line 1067, in _save_table
    results = self._do_insert(
              ^^^^^^^^^^^^^^^^
  File "A:\GeekBrains\Django\Seminar\project\my_env_seminar\Lib\site-packages\django\db\models\base.py", line 1108, in _do_insert
    return manager._insert(
           ^^^^^^^^^^^^^^^^
  File "A:\GeekBrains\Django\Seminar\project\my_env_seminar\Lib\site-packages\django\db\models\manager.py", line 87, in manager_method
    return getattr(self.get_queryset(), name)(*args, **kwargs)
           ^^^^^^^^^^^^^^^^^^^^^^^^^^^^^^^^^^^^^^^^^^^^^^^^^^^
  File "A:\GeekBrains\Django\Seminar\project\my_env_seminar\Lib\site-packages\django\db\models\query.py", line 1847, in _insert
    return query.get_compiler(using=using).execute_sql(returning_fields)
           ^^^^^^^^^^^^^^^^^^^^^^^^^^^^^^^^^^^^^^^^^^^^^^^^^^^^^^^^^^^^^
  File "A:\GeekBrains\Django\Seminar\project\my_env_seminar\Lib\site-packages\django\db\models\sql\compiler.py", line 1823, in execute_sql
    cursor.execute(sql, params)
  File "A:\GeekBrains\Django\Seminar\project\my_env_seminar\Lib\site-packages\django\db\backends\utils.py", line 122, in execute
    return super().execute(sql, params)
           ^^^^^^^^^^^^^^^^^^^^^^^^^^^^
  File "A:\GeekBrains\Django\Seminar\project\my_env_seminar\Lib\site-packages\django\db\backends\utils.py", line 79, in execute
    return self._execute_with_wrappers(
           ^^^^^^^^^^^^^^^^^^^^^^^^^^^^
  File "A:\GeekBrains\Django\Seminar\project\my_env_seminar\Lib\site-packages\django\db\backends\utils.py", line 92, in _execute_with_wrappers
    return executor(sql, params, many, context)
           ^^^^^^^^^^^^^^^^^^^^^^^^^^^^^^^^^^^^
  File "A:\GeekBrains\Django\Seminar\project\my_env_seminar\Lib\site-packages\django\db\backends\utils.py", line 100, in _execute
    with self.db.wrap_database_errors:
  File "A:\GeekBrains\Django\Seminar\project\my_env_seminar\Lib\site-packages\django\db\utils.py", line 91, in __exit__
    raise dj_exc_value.with_traceback(traceback) from exc_value
  File "A:\GeekBrains\Django\Seminar\project\my_env_seminar\Lib\site-packages\django\db\backends\utils.py", line 105, in _execute
    return self.cursor.execute(sql, params)
           ^^^^^^^^^^^^^^^^^^^^^^^^^^^^^^^^
  File "A:\GeekBrains\Django\Seminar\project\my_env_seminar\Lib\site-packages\django\db\backends\sqlite3\base.py", line 329, in execute
    return super().execute(query, params)
           ^^^^^^^^^^^^^^^^^^^^^^^^^^^^^^
django.db.utils.OperationalError: no such table: games_heads_or_tails
ERROR 2024-03-20 19:05:57,538 basehttp 16252 9316 "GET /games/heads_or_tails/ HTTP/1.1" 500 149991
INFO 2024-03-20 19:10:18,791 basehttp 16252 9316 "GET /sem1/coin/ HTTP/1.1" 200 10
INFO 2024-03-20 19:10:37,702 basehttp 16252 9316 "GET /games/ HTTP/1.1" 200 525
ERROR 2024-03-20 19:10:42,558 log 16252 9316 Internal Server Error: /games/random_100/
Traceback (most recent call last):
  File "A:\GeekBrains\Django\Seminar\project\my_env_seminar\Lib\site-packages\django\template\backends\django.py", line 61, in render
    return self.template.render(context)
           ^^^^^^^^^^^^^^^^^^^^^^^^^^^^^
  File "A:\GeekBrains\Django\Seminar\project\my_env_seminar\Lib\site-packages\django\template\base.py", line 171, in render
    return self._render(context)
           ^^^^^^^^^^^^^^^^^^^^^
  File "A:\GeekBrains\Django\Seminar\project\my_env_seminar\Lib\site-packages\django\template\base.py", line 163, in _render
    return self.nodelist.render(context)
           ^^^^^^^^^^^^^^^^^^^^^^^^^^^^^
  File "A:\GeekBrains\Django\Seminar\project\my_env_seminar\Lib\site-packages\django\template\base.py", line 1000, in render
    return SafeString("".join([node.render_annotated(context) for node in self]))
                              ^^^^^^^^^^^^^^^^^^^^^^^^^^^^^^^^^^^^^^^^^^^^^^^^^
  File "A:\GeekBrains\Django\Seminar\project\my_env_seminar\Lib\site-packages\django\template\base.py", line 1000, in <listcomp>
    return SafeString("".join([node.render_annotated(context) for node in self]))
                               ^^^^^^^^^^^^^^^^^^^^^^^^^^^^^^
  File "A:\GeekBrains\Django\Seminar\project\my_env_seminar\Lib\site-packages\django\template\base.py", line 961, in render_annotated
    return self.render(context)
           ^^^^^^^^^^^^^^^^^^^^
  File "A:\GeekBrains\Django\Seminar\project\my_env_seminar\Lib\site-packages\django\template\loader_tags.py", line 134, in render
    compiled_parent = self.get_parent(context)
                      ^^^^^^^^^^^^^^^^^^^^^^^^
  File "A:\GeekBrains\Django\Seminar\project\my_env_seminar\Lib\site-packages\django\template\loader_tags.py", line 131, in get_parent
    return self.find_template(parent, context)
           ^^^^^^^^^^^^^^^^^^^^^^^^^^^^^^^^^^^
  File "A:\GeekBrains\Django\Seminar\project\my_env_seminar\Lib\site-packages\django\template\loader_tags.py", line 109, in find_template
    template, origin = context.template.engine.find_template(
                       ^^^^^^^^^^^^^^^^^^^^^^^^^^^^^^^^^^^^^^
  File "A:\GeekBrains\Django\Seminar\project\my_env_seminar\Lib\site-packages\django\template\engine.py", line 163, in find_template
    raise TemplateDoesNotExist(name, tried=tried)
django.template.exceptions.TemplateDoesNotExist: base.html

The above exception was the direct cause of the following exception:

Traceback (most recent call last):
  File "A:\GeekBrains\Django\Seminar\project\my_env_seminar\Lib\site-packages\django\core\handlers\exception.py", line 55, in inner
    response = get_response(request)
               ^^^^^^^^^^^^^^^^^^^^^
  File "A:\GeekBrains\Django\Seminar\project\my_env_seminar\Lib\site-packages\django\core\handlers\base.py", line 197, in _get_response
    response = wrapped_callback(request, *callback_args, **callback_kwargs)
               ^^^^^^^^^^^^^^^^^^^^^^^^^^^^^^^^^^^^^^^^^^^^^^^^^^^^^^^^^^^^
  File "A:\GeekBrains\Django\Seminar\project\my_project\games\views.py", line 72, in random_100
    return render(request, 'games/games.html', {'game': game, 'result': result})
           ^^^^^^^^^^^^^^^^^^^^^^^^^^^^^^^^^^^^^^^^^^^^^^^^^^^^^^^^^^^^^^^^^^^^^
  File "A:\GeekBrains\Django\Seminar\project\my_env_seminar\Lib\site-packages\django\shortcuts.py", line 25, in render
    content = loader.render_to_string(template_name, context, request, using=using)
              ^^^^^^^^^^^^^^^^^^^^^^^^^^^^^^^^^^^^^^^^^^^^^^^^^^^^^^^^^^^^^^^^^^^^^
  File "A:\GeekBrains\Django\Seminar\project\my_env_seminar\Lib\site-packages\django\template\loader.py", line 62, in render_to_string
    return template.render(context, request)
           ^^^^^^^^^^^^^^^^^^^^^^^^^^^^^^^^^
  File "A:\GeekBrains\Django\Seminar\project\my_env_seminar\Lib\site-packages\django\template\backends\django.py", line 63, in render
    reraise(exc, self.backend)
  File "A:\GeekBrains\Django\Seminar\project\my_env_seminar\Lib\site-packages\django\template\backends\django.py", line 84, in reraise
    raise new from exc
django.template.exceptions.TemplateDoesNotExist: base.html
ERROR 2024-03-20 19:10:42,561 basehttp 16252 9316 "GET /games/random_100/ HTTP/1.1" 500 136314
ERROR 2024-03-20 19:12:05,512 log 16252 9316 Internal Server Error: /games/random_100/
Traceback (most recent call last):
  File "A:\GeekBrains\Django\Seminar\project\my_env_seminar\Lib\site-packages\django\template\backends\django.py", line 61, in render
    return self.template.render(context)
           ^^^^^^^^^^^^^^^^^^^^^^^^^^^^^
  File "A:\GeekBrains\Django\Seminar\project\my_env_seminar\Lib\site-packages\django\template\base.py", line 171, in render
    return self._render(context)
           ^^^^^^^^^^^^^^^^^^^^^
  File "A:\GeekBrains\Django\Seminar\project\my_env_seminar\Lib\site-packages\django\template\base.py", line 163, in _render
    return self.nodelist.render(context)
           ^^^^^^^^^^^^^^^^^^^^^^^^^^^^^
  File "A:\GeekBrains\Django\Seminar\project\my_env_seminar\Lib\site-packages\django\template\base.py", line 1000, in render
    return SafeString("".join([node.render_annotated(context) for node in self]))
                              ^^^^^^^^^^^^^^^^^^^^^^^^^^^^^^^^^^^^^^^^^^^^^^^^^
  File "A:\GeekBrains\Django\Seminar\project\my_env_seminar\Lib\site-packages\django\template\base.py", line 1000, in <listcomp>
    return SafeString("".join([node.render_annotated(context) for node in self]))
                               ^^^^^^^^^^^^^^^^^^^^^^^^^^^^^^
  File "A:\GeekBrains\Django\Seminar\project\my_env_seminar\Lib\site-packages\django\template\base.py", line 961, in render_annotated
    return self.render(context)
           ^^^^^^^^^^^^^^^^^^^^
  File "A:\GeekBrains\Django\Seminar\project\my_env_seminar\Lib\site-packages\django\template\loader_tags.py", line 134, in render
    compiled_parent = self.get_parent(context)
                      ^^^^^^^^^^^^^^^^^^^^^^^^
  File "A:\GeekBrains\Django\Seminar\project\my_env_seminar\Lib\site-packages\django\template\loader_tags.py", line 131, in get_parent
    return self.find_template(parent, context)
           ^^^^^^^^^^^^^^^^^^^^^^^^^^^^^^^^^^^
  File "A:\GeekBrains\Django\Seminar\project\my_env_seminar\Lib\site-packages\django\template\loader_tags.py", line 109, in find_template
    template, origin = context.template.engine.find_template(
                       ^^^^^^^^^^^^^^^^^^^^^^^^^^^^^^^^^^^^^^
  File "A:\GeekBrains\Django\Seminar\project\my_env_seminar\Lib\site-packages\django\template\engine.py", line 163, in find_template
    raise TemplateDoesNotExist(name, tried=tried)
django.template.exceptions.TemplateDoesNotExist: base.html

The above exception was the direct cause of the following exception:

Traceback (most recent call last):
  File "A:\GeekBrains\Django\Seminar\project\my_env_seminar\Lib\site-packages\django\core\handlers\exception.py", line 55, in inner
    response = get_response(request)
               ^^^^^^^^^^^^^^^^^^^^^
  File "A:\GeekBrains\Django\Seminar\project\my_env_seminar\Lib\site-packages\django\core\handlers\base.py", line 197, in _get_response
    response = wrapped_callback(request, *callback_args, **callback_kwargs)
               ^^^^^^^^^^^^^^^^^^^^^^^^^^^^^^^^^^^^^^^^^^^^^^^^^^^^^^^^^^^^
  File "A:\GeekBrains\Django\Seminar\project\my_project\games\views.py", line 72, in random_100
    return render(request, 'games/games.html', {'game': game, 'result': result})
           ^^^^^^^^^^^^^^^^^^^^^^^^^^^^^^^^^^^^^^^^^^^^^^^^^^^^^^^^^^^^^^^^^^^^^
  File "A:\GeekBrains\Django\Seminar\project\my_env_seminar\Lib\site-packages\django\shortcuts.py", line 25, in render
    content = loader.render_to_string(template_name, context, request, using=using)
              ^^^^^^^^^^^^^^^^^^^^^^^^^^^^^^^^^^^^^^^^^^^^^^^^^^^^^^^^^^^^^^^^^^^^^
  File "A:\GeekBrains\Django\Seminar\project\my_env_seminar\Lib\site-packages\django\template\loader.py", line 62, in render_to_string
    return template.render(context, request)
           ^^^^^^^^^^^^^^^^^^^^^^^^^^^^^^^^^
  File "A:\GeekBrains\Django\Seminar\project\my_env_seminar\Lib\site-packages\django\template\backends\django.py", line 63, in render
    reraise(exc, self.backend)
  File "A:\GeekBrains\Django\Seminar\project\my_env_seminar\Lib\site-packages\django\template\backends\django.py", line 84, in reraise
    raise new from exc
django.template.exceptions.TemplateDoesNotExist: base.html
ERROR 2024-03-20 19:12:05,515 basehttp 16252 9316 "GET /games/random_100/ HTTP/1.1" 500 136451
INFO 2024-03-20 19:12:05,530 autoreload 16252 25572 A:\GeekBrains\Django\Seminar\project\my_project\my_project\settings.py changed, reloading.
INFO 2024-03-20 19:12:05,877 autoreload 5420 15800 Watching for file changes with StatReloader
INFO 2024-03-20 19:12:06,596 basehttp 5420 19860 "GET /games/random_100/ HTTP/1.1" 200 2039
ERROR 2024-03-20 19:12:13,391 log 5420 19860 Internal Server Error: /games/heads_or_tails/
Traceback (most recent call last):
  File "A:\GeekBrains\Django\Seminar\project\my_env_seminar\Lib\site-packages\django\db\backends\utils.py", line 105, in _execute
    return self.cursor.execute(sql, params)
           ^^^^^^^^^^^^^^^^^^^^^^^^^^^^^^^^
  File "A:\GeekBrains\Django\Seminar\project\my_env_seminar\Lib\site-packages\django\db\backends\sqlite3\base.py", line 329, in execute
    return super().execute(query, params)
           ^^^^^^^^^^^^^^^^^^^^^^^^^^^^^^
sqlite3.OperationalError: no such table: games_heads_or_tails

The above exception was the direct cause of the following exception:

Traceback (most recent call last):
  File "A:\GeekBrains\Django\Seminar\project\my_env_seminar\Lib\site-packages\django\core\handlers\exception.py", line 55, in inner
    response = get_response(request)
               ^^^^^^^^^^^^^^^^^^^^^
  File "A:\GeekBrains\Django\Seminar\project\my_env_seminar\Lib\site-packages\django\core\handlers\base.py", line 197, in _get_response
    response = wrapped_callback(request, *callback_args, **callback_kwargs)
               ^^^^^^^^^^^^^^^^^^^^^^^^^^^^^^^^^^^^^^^^^^^^^^^^^^^^^^^^^^^^
  File "A:\GeekBrains\Django\Seminar\project\my_project\games\views.py", line 55, in heads_or_tails
    record.save()
  File "A:\GeekBrains\Django\Seminar\project\my_env_seminar\Lib\site-packages\django\db\models\base.py", line 822, in save
    self.save_base(
  File "A:\GeekBrains\Django\Seminar\project\my_env_seminar\Lib\site-packages\django\db\models\base.py", line 909, in save_base
    updated = self._save_table(
              ^^^^^^^^^^^^^^^^^
  File "A:\GeekBrains\Django\Seminar\project\my_env_seminar\Lib\site-packages\django\db\models\base.py", line 1067, in _save_table
    results = self._do_insert(
              ^^^^^^^^^^^^^^^^
  File "A:\GeekBrains\Django\Seminar\project\my_env_seminar\Lib\site-packages\django\db\models\base.py", line 1108, in _do_insert
    return manager._insert(
           ^^^^^^^^^^^^^^^^
  File "A:\GeekBrains\Django\Seminar\project\my_env_seminar\Lib\site-packages\django\db\models\manager.py", line 87, in manager_method
    return getattr(self.get_queryset(), name)(*args, **kwargs)
           ^^^^^^^^^^^^^^^^^^^^^^^^^^^^^^^^^^^^^^^^^^^^^^^^^^^
  File "A:\GeekBrains\Django\Seminar\project\my_env_seminar\Lib\site-packages\django\db\models\query.py", line 1847, in _insert
    return query.get_compiler(using=using).execute_sql(returning_fields)
           ^^^^^^^^^^^^^^^^^^^^^^^^^^^^^^^^^^^^^^^^^^^^^^^^^^^^^^^^^^^^^
  File "A:\GeekBrains\Django\Seminar\project\my_env_seminar\Lib\site-packages\django\db\models\sql\compiler.py", line 1823, in execute_sql
    cursor.execute(sql, params)
  File "A:\GeekBrains\Django\Seminar\project\my_env_seminar\Lib\site-packages\django\db\backends\utils.py", line 122, in execute
    return super().execute(sql, params)
           ^^^^^^^^^^^^^^^^^^^^^^^^^^^^
  File "A:\GeekBrains\Django\Seminar\project\my_env_seminar\Lib\site-packages\django\db\backends\utils.py", line 79, in execute
    return self._execute_with_wrappers(
           ^^^^^^^^^^^^^^^^^^^^^^^^^^^^
  File "A:\GeekBrains\Django\Seminar\project\my_env_seminar\Lib\site-packages\django\db\backends\utils.py", line 92, in _execute_with_wrappers
    return executor(sql, params, many, context)
           ^^^^^^^^^^^^^^^^^^^^^^^^^^^^^^^^^^^^
  File "A:\GeekBrains\Django\Seminar\project\my_env_seminar\Lib\site-packages\django\db\backends\utils.py", line 100, in _execute
    with self.db.wrap_database_errors:
  File "A:\GeekBrains\Django\Seminar\project\my_env_seminar\Lib\site-packages\django\db\utils.py", line 91, in __exit__
    raise dj_exc_value.with_traceback(traceback) from exc_value
  File "A:\GeekBrains\Django\Seminar\project\my_env_seminar\Lib\site-packages\django\db\backends\utils.py", line 105, in _execute
    return self.cursor.execute(sql, params)
           ^^^^^^^^^^^^^^^^^^^^^^^^^^^^^^^^
  File "A:\GeekBrains\Django\Seminar\project\my_env_seminar\Lib\site-packages\django\db\backends\sqlite3\base.py", line 329, in execute
    return super().execute(query, params)
           ^^^^^^^^^^^^^^^^^^^^^^^^^^^^^^
django.db.utils.OperationalError: no such table: games_heads_or_tails
ERROR 2024-03-20 19:12:13,396 basehttp 5420 19860 "GET /games/heads_or_tails/ HTTP/1.1" 500 150104
INFO 2024-03-20 19:12:16,518 basehttp 5420 19860 "GET /games/random_100/ HTTP/1.1" 200 2039
INFO 2024-03-20 19:12:17,603 basehttp 5420 19860 "GET /games/random_100/ HTTP/1.1" 200 2039
INFO 2024-03-20 19:12:18,563 basehttp 5420 19860 "GET /games/random_100/ HTTP/1.1" 200 2039
INFO 2024-03-20 19:12:19,366 basehttp 5420 19860 "GET /games/random_100/ HTTP/1.1" 200 2039
INFO 2024-03-20 19:12:20,075 basehttp 5420 19860 "GET /games/random_100/ HTTP/1.1" 200 2038
INFO 2024-03-20 19:12:20,660 basehttp 5420 19860 "GET /games/random_100/ HTTP/1.1" 200 2039
INFO 2024-03-20 19:12:21,180 basehttp 5420 19860 "GET /games/random_100/ HTTP/1.1" 200 2039
INFO 2024-03-20 19:12:21,736 basehttp 5420 19860 "GET /games/random_100/ HTTP/1.1" 200 2039
INFO 2024-03-20 19:12:22,228 basehttp 5420 19860 "GET /games/random_100/ HTTP/1.1" 200 2039
INFO 2024-03-20 19:12:22,713 basehttp 5420 19860 "GET /games/random_100/ HTTP/1.1" 200 2039
ERROR 2024-03-20 19:12:24,686 log 5420 19860 Internal Server Error: /games/statistic/10
Traceback (most recent call last):
  File "A:\GeekBrains\Django\Seminar\project\my_env_seminar\Lib\site-packages\django\db\backends\utils.py", line 105, in _execute
    return self.cursor.execute(sql, params)
           ^^^^^^^^^^^^^^^^^^^^^^^^^^^^^^^^
  File "A:\GeekBrains\Django\Seminar\project\my_env_seminar\Lib\site-packages\django\db\backends\sqlite3\base.py", line 329, in execute
    return super().execute(query, params)
           ^^^^^^^^^^^^^^^^^^^^^^^^^^^^^^
sqlite3.OperationalError: no such table: games_heads_or_tails

The above exception was the direct cause of the following exception:

Traceback (most recent call last):
  File "A:\GeekBrains\Django\Seminar\project\my_env_seminar\Lib\site-packages\django\core\handlers\exception.py", line 55, in inner
    response = get_response(request)
               ^^^^^^^^^^^^^^^^^^^^^
  File "A:\GeekBrains\Django\Seminar\project\my_env_seminar\Lib\site-packages\django\core\handlers\base.py", line 197, in _get_response
    response = wrapped_callback(request, *callback_args, **callback_kwargs)
               ^^^^^^^^^^^^^^^^^^^^^^^^^^^^^^^^^^^^^^^^^^^^^^^^^^^^^^^^^^^^
  File "A:\GeekBrains\Django\Seminar\project\my_project\games\views.py", line 76, in statistic
    result = Heads_or_tails.get_N_last_flip(n)
             ^^^^^^^^^^^^^^^^^^^^^^^^^^^^^^^^^
  File "A:\GeekBrains\Django\Seminar\project\my_project\games\models.py", line 15, in get_N_last_flip
    for item in flips:
  File "A:\GeekBrains\Django\Seminar\project\my_env_seminar\Lib\site-packages\django\db\models\query.py", line 400, in __iter__
    self._fetch_all()
  File "A:\GeekBrains\Django\Seminar\project\my_env_seminar\Lib\site-packages\django\db\models\query.py", line 1928, in _fetch_all
    self._result_cache = list(self._iterable_class(self))
                         ^^^^^^^^^^^^^^^^^^^^^^^^^^^^^^^^
  File "A:\GeekBrains\Django\Seminar\project\my_env_seminar\Lib\site-packages\django\db\models\query.py", line 91, in __iter__
    results = compiler.execute_sql(
              ^^^^^^^^^^^^^^^^^^^^^
  File "A:\GeekBrains\Django\Seminar\project\my_env_seminar\Lib\site-packages\django\db\models\sql\compiler.py", line 1562, in execute_sql
    cursor.execute(sql, params)
  File "A:\GeekBrains\Django\Seminar\project\my_env_seminar\Lib\site-packages\django\db\backends\utils.py", line 122, in execute
    return super().execute(sql, params)
           ^^^^^^^^^^^^^^^^^^^^^^^^^^^^
  File "A:\GeekBrains\Django\Seminar\project\my_env_seminar\Lib\site-packages\django\db\backends\utils.py", line 79, in execute
    return self._execute_with_wrappers(
           ^^^^^^^^^^^^^^^^^^^^^^^^^^^^
  File "A:\GeekBrains\Django\Seminar\project\my_env_seminar\Lib\site-packages\django\db\backends\utils.py", line 92, in _execute_with_wrappers
    return executor(sql, params, many, context)
           ^^^^^^^^^^^^^^^^^^^^^^^^^^^^^^^^^^^^
  File "A:\GeekBrains\Django\Seminar\project\my_env_seminar\Lib\site-packages\django\db\backends\utils.py", line 100, in _execute
    with self.db.wrap_database_errors:
  File "A:\GeekBrains\Django\Seminar\project\my_env_seminar\Lib\site-packages\django\db\utils.py", line 91, in __exit__
    raise dj_exc_value.with_traceback(traceback) from exc_value
  File "A:\GeekBrains\Django\Seminar\project\my_env_seminar\Lib\site-packages\django\db\backends\utils.py", line 105, in _execute
    return self.cursor.execute(sql, params)
           ^^^^^^^^^^^^^^^^^^^^^^^^^^^^^^^^
  File "A:\GeekBrains\Django\Seminar\project\my_env_seminar\Lib\site-packages\django\db\backends\sqlite3\base.py", line 329, in execute
    return super().execute(query, params)
           ^^^^^^^^^^^^^^^^^^^^^^^^^^^^^^
django.db.utils.OperationalError: no such table: games_heads_or_tails
ERROR 2024-03-20 19:12:24,689 basehttp 5420 19860 "GET /games/statistic/10 HTTP/1.1" 500 135367
INFO 2024-03-20 19:12:30,571 basehttp 5420 19860 "GET /games/playing_dice/ HTTP/1.1" 200 2040
INFO 2024-03-20 19:12:32,223 basehttp 5420 19860 "GET /games/playing_dice/ HTTP/1.1" 200 2040
INFO 2024-03-20 19:12:32,759 basehttp 5420 19860 "GET /games/playing_dice/ HTTP/1.1" 200 2040
INFO 2024-03-20 19:12:33,193 basehttp 5420 19860 "GET /games/playing_dice/ HTTP/1.1" 200 2040
INFO 2024-03-20 19:12:33,663 basehttp 5420 19860 "GET /games/playing_dice/ HTTP/1.1" 200 2040
INFO 2024-03-20 19:12:34,465 basehttp 5420 19860 "GET /games/playing_dice/ HTTP/1.1" 200 2040
INFO 2024-03-20 19:12:34,971 basehttp 5420 19860 "GET /games/playing_dice/ HTTP/1.1" 200 2040
INFO 2024-03-20 19:12:35,548 basehttp 5420 19860 "GET /games/playing_dice/ HTTP/1.1" 200 2040
INFO 2024-03-20 19:12:36,866 basehttp 5420 19860 "GET /games/select_game/ HTTP/1.1" 200 948
INFO 2024-03-20 19:12:43,525 basehttp 5420 19860 "POST /games/select_game/ HTTP/1.1" 200 2352
ERROR 2024-03-20 19:12:50,320 log 5420 19860 Internal Server Error: /games/heads_or_tails/
Traceback (most recent call last):
  File "A:\GeekBrains\Django\Seminar\project\my_env_seminar\Lib\site-packages\django\db\backends\utils.py", line 105, in _execute
    return self.cursor.execute(sql, params)
           ^^^^^^^^^^^^^^^^^^^^^^^^^^^^^^^^
  File "A:\GeekBrains\Django\Seminar\project\my_env_seminar\Lib\site-packages\django\db\backends\sqlite3\base.py", line 329, in execute
    return super().execute(query, params)
           ^^^^^^^^^^^^^^^^^^^^^^^^^^^^^^
sqlite3.OperationalError: no such table: games_heads_or_tails

The above exception was the direct cause of the following exception:

Traceback (most recent call last):
  File "A:\GeekBrains\Django\Seminar\project\my_env_seminar\Lib\site-packages\django\core\handlers\exception.py", line 55, in inner
    response = get_response(request)
               ^^^^^^^^^^^^^^^^^^^^^
  File "A:\GeekBrains\Django\Seminar\project\my_env_seminar\Lib\site-packages\django\core\handlers\base.py", line 197, in _get_response
    response = wrapped_callback(request, *callback_args, **callback_kwargs)
               ^^^^^^^^^^^^^^^^^^^^^^^^^^^^^^^^^^^^^^^^^^^^^^^^^^^^^^^^^^^^
  File "A:\GeekBrains\Django\Seminar\project\my_project\games\views.py", line 55, in heads_or_tails
    record.save()
  File "A:\GeekBrains\Django\Seminar\project\my_env_seminar\Lib\site-packages\django\db\models\base.py", line 822, in save
    self.save_base(
  File "A:\GeekBrains\Django\Seminar\project\my_env_seminar\Lib\site-packages\django\db\models\base.py", line 909, in save_base
    updated = self._save_table(
              ^^^^^^^^^^^^^^^^^
  File "A:\GeekBrains\Django\Seminar\project\my_env_seminar\Lib\site-packages\django\db\models\base.py", line 1067, in _save_table
    results = self._do_insert(
              ^^^^^^^^^^^^^^^^
  File "A:\GeekBrains\Django\Seminar\project\my_env_seminar\Lib\site-packages\django\db\models\base.py", line 1108, in _do_insert
    return manager._insert(
           ^^^^^^^^^^^^^^^^
  File "A:\GeekBrains\Django\Seminar\project\my_env_seminar\Lib\site-packages\django\db\models\manager.py", line 87, in manager_method
    return getattr(self.get_queryset(), name)(*args, **kwargs)
           ^^^^^^^^^^^^^^^^^^^^^^^^^^^^^^^^^^^^^^^^^^^^^^^^^^^
  File "A:\GeekBrains\Django\Seminar\project\my_env_seminar\Lib\site-packages\django\db\models\query.py", line 1847, in _insert
    return query.get_compiler(using=using).execute_sql(returning_fields)
           ^^^^^^^^^^^^^^^^^^^^^^^^^^^^^^^^^^^^^^^^^^^^^^^^^^^^^^^^^^^^^
  File "A:\GeekBrains\Django\Seminar\project\my_env_seminar\Lib\site-packages\django\db\models\sql\compiler.py", line 1823, in execute_sql
    cursor.execute(sql, params)
  File "A:\GeekBrains\Django\Seminar\project\my_env_seminar\Lib\site-packages\django\db\backends\utils.py", line 122, in execute
    return super().execute(sql, params)
           ^^^^^^^^^^^^^^^^^^^^^^^^^^^^
  File "A:\GeekBrains\Django\Seminar\project\my_env_seminar\Lib\site-packages\django\db\backends\utils.py", line 79, in execute
    return self._execute_with_wrappers(
           ^^^^^^^^^^^^^^^^^^^^^^^^^^^^
  File "A:\GeekBrains\Django\Seminar\project\my_env_seminar\Lib\site-packages\django\db\backends\utils.py", line 92, in _execute_with_wrappers
    return executor(sql, params, many, context)
           ^^^^^^^^^^^^^^^^^^^^^^^^^^^^^^^^^^^^
  File "A:\GeekBrains\Django\Seminar\project\my_env_seminar\Lib\site-packages\django\db\backends\utils.py", line 100, in _execute
    with self.db.wrap_database_errors:
  File "A:\GeekBrains\Django\Seminar\project\my_env_seminar\Lib\site-packages\django\db\utils.py", line 91, in __exit__
    raise dj_exc_value.with_traceback(traceback) from exc_value
  File "A:\GeekBrains\Django\Seminar\project\my_env_seminar\Lib\site-packages\django\db\backends\utils.py", line 105, in _execute
    return self.cursor.execute(sql, params)
           ^^^^^^^^^^^^^^^^^^^^^^^^^^^^^^^^
  File "A:\GeekBrains\Django\Seminar\project\my_env_seminar\Lib\site-packages\django\db\backends\sqlite3\base.py", line 329, in execute
    return super().execute(query, params)
           ^^^^^^^^^^^^^^^^^^^^^^^^^^^^^^
django.db.utils.OperationalError: no such table: games_heads_or_tails
ERROR 2024-03-20 19:12:50,323 basehttp 5420 19860 "GET /games/heads_or_tails/ HTTP/1.1" 500 150686
INFO 2024-03-20 19:13:27,628 basehttp 5420 19860 "GET /games/heads_or_tails/5/ HTTP/1.1" 200 2354
INFO 2024-03-20 19:13:29,400 basehttp 5420 19860 "GET /games/playing_dice/5/ HTTP/1.1" 200 2539
INFO 2024-03-20 19:13:31,388 basehttp 5420 19860 "GET /games/heads_or_tails/5/ HTTP/1.1" 200 2356
INFO 2024-03-20 19:13:32,818 basehttp 5420 19860 "GET /games/playing_dice/5/ HTTP/1.1" 200 2539
INFO 2024-03-20 19:13:34,538 basehttp 5420 19860 "GET /games/random_100/5/ HTTP/1.1" 200 2478
INFO 2024-03-20 19:13:37,647 basehttp 5420 19860 "GET /games/heads_or_tails/5/ HTTP/1.1" 200 2354
INFO 2024-03-20 19:13:38,485 basehttp 5420 19860 "GET /games/playing_dice/5/ HTTP/1.1" 200 2539
INFO 2024-03-20 19:13:39,294 basehttp 5420 19860 "GET /games/random_100/5/ HTTP/1.1" 200 2478
INFO 2024-03-20 19:38:05,607 autoreload 5420 15800 A:\GeekBrains\Django\Seminar\project\my_project\hwapp_2\urls.py changed, reloading.
INFO 2024-03-20 19:38:05,930 autoreload 6552 24604 Watching for file changes with StatReloader
INFO 2024-03-20 19:38:26,331 autoreload 6552 24604 A:\GeekBrains\Django\Seminar\project\my_project\hwapp_2\views.py changed, reloading.
INFO 2024-03-20 19:38:26,654 autoreload 5388 8788 Watching for file changes with StatReloader
INFO 2024-03-20 19:40:18,112 autoreload 5388 8788 A:\GeekBrains\Django\Seminar\project\my_project\hwapp_2\views.py changed, reloading.
INFO 2024-03-20 19:40:18,410 autoreload 3916 26220 Watching for file changes with StatReloader
INFO 2024-03-20 19:40:31,727 autoreload 3916 26220 A:\GeekBrains\Django\Seminar\project\my_project\hwapp_2\views.py changed, reloading.
INFO 2024-03-20 19:40:32,084 autoreload 14928 25656 Watching for file changes with StatReloader
INFO 2024-03-20 19:40:49,475 autoreload 14928 25656 A:\GeekBrains\Django\Seminar\project\my_project\hwapp_2\views.py changed, reloading.
INFO 2024-03-20 19:40:49,898 autoreload 15780 6388 Watching for file changes with StatReloader
INFO 2024-03-20 19:41:16,367 autoreload 15780 6388 A:\GeekBrains\Django\Seminar\project\my_project\hwapp_2\views.py changed, reloading.
INFO 2024-03-20 19:41:16,670 autoreload 16712 22940 Watching for file changes with StatReloader
INFO 2024-03-20 19:42:46,900 autoreload 16712 22940 A:\GeekBrains\Django\Seminar\project\my_project\hwapp_2\views.py changed, reloading.
INFO 2024-03-20 19:42:47,183 autoreload 16128 21768 Watching for file changes with StatReloader
INFO 2024-03-20 19:57:20,121 autoreload 16128 21768 A:\GeekBrains\Django\Seminar\project\my_project\my_project\settings.py changed, reloading.
INFO 2024-03-20 19:57:20,466 autoreload 17416 24604 Watching for file changes with StatReloader
WARNING 2024-03-20 19:57:54,541 log 17416 5248 Not Found: /
WARNING 2024-03-20 19:57:54,542 basehttp 17416 5248 "GET / HTTP/1.1" 404 2483
INFO 2024-03-20 19:57:55,154 autoreload 17416 24604 A:\GeekBrains\Django\Seminar\project\my_project\my_project\settings.py changed, reloading.
INFO 2024-03-20 19:57:55,549 autoreload 13848 8560 Watching for file changes with StatReloader
INFO 2024-03-20 19:58:12,865 basehttp 13848 24112 "GET /hw2 HTTP/1.1" 301 0
INFO 2024-03-20 19:58:12,870 basehttp 13848 17664 "GET /hw2/ HTTP/1.1" 200 1881
WARNING 2024-03-20 19:59:03,421 log 13848 17664 Not Found: /hw2/client
WARNING 2024-03-20 19:59:03,422 basehttp 13848 17664 "GET /hw2/client HTTP/1.1" 404 3789
INFO 2024-03-20 20:12:59,344 basehttp 13848 10280 "GET /games/random_100/5/ HTTP/1.1" 200 2478
INFO 2024-03-20 20:13:00,764 basehttp 13848 10280 "GET /games/random_100/5/ HTTP/1.1" 200 2478
WARNING 2024-03-20 20:13:03,332 log 13848 10280 Not Found: /hw2/client
WARNING 2024-03-20 20:13:03,332 basehttp 13848 10280 "GET /hw2/client HTTP/1.1" 404 3789
WARNING 2024-03-20 20:13:31,278 log 13848 10280 Not Found: /hw2/client
WARNING 2024-03-20 20:13:31,279 basehttp 13848 10280 "GET /hw2/client HTTP/1.1" 404 3789
INFO 2024-03-20 20:13:42,660 basehttp 13848 10280 "GET /hw2/client/2 HTTP/1.1" 301 0
ERROR 2024-03-20 20:13:42,692 log 13848 19548 Internal Server Error: /hw2/client/2/
Traceback (most recent call last):
  File "A:\GeekBrains\Django\Seminar\project\my_env_seminar\Lib\site-packages\django\core\handlers\exception.py", line 55, in inner
    response = get_response(request)
               ^^^^^^^^^^^^^^^^^^^^^
  File "A:\GeekBrains\Django\Seminar\project\my_env_seminar\Lib\site-packages\django\core\handlers\base.py", line 197, in _get_response
    response = wrapped_callback(request, *callback_args, **callback_kwargs)
               ^^^^^^^^^^^^^^^^^^^^^^^^^^^^^^^^^^^^^^^^^^^^^^^^^^^^^^^^^^^^
  File "A:\GeekBrains\Django\Seminar\project\my_project\hwapp_2\views.py", line 28, in client
    return render(request, 'online_store/client.html', {'client': client, 'orders': orders})
           ^^^^^^^^^^^^^^^^^^^^^^^^^^^^^^^^^^^^^^^^^^^^^^^^^^^^^^^^^^^^^^^^^^^^^^^^^^^^^^^^^
  File "A:\GeekBrains\Django\Seminar\project\my_env_seminar\Lib\site-packages\django\shortcuts.py", line 25, in render
    content = loader.render_to_string(template_name, context, request, using=using)
              ^^^^^^^^^^^^^^^^^^^^^^^^^^^^^^^^^^^^^^^^^^^^^^^^^^^^^^^^^^^^^^^^^^^^^
  File "A:\GeekBrains\Django\Seminar\project\my_env_seminar\Lib\site-packages\django\template\loader.py", line 61, in render_to_string
    template = get_template(template_name, using=using)
               ^^^^^^^^^^^^^^^^^^^^^^^^^^^^^^^^^^^^^^^^
  File "A:\GeekBrains\Django\Seminar\project\my_env_seminar\Lib\site-packages\django\template\loader.py", line 19, in get_template
    raise TemplateDoesNotExist(template_name, chain=chain)
django.template.exceptions.TemplateDoesNotExist: online_store/client.html
ERROR 2024-03-20 20:13:42,694 basehttp 13848 19548 "GET /hw2/client/2/ HTTP/1.1" 500 87550
INFO 2024-03-20 20:20:13,903 autoreload 13764 14044 Watching for file changes with StatReloader
ERROR 2024-03-20 20:20:17,190 log 13764 19808 Internal Server Error: /hw2/client/2/
Traceback (most recent call last):
  File "A:\GeekBrains\Django\Seminar\project\my_env_seminar\Lib\site-packages\django\core\handlers\exception.py", line 55, in inner
    response = get_response(request)
               ^^^^^^^^^^^^^^^^^^^^^
  File "A:\GeekBrains\Django\Seminar\project\my_env_seminar\Lib\site-packages\django\core\handlers\base.py", line 197, in _get_response
    response = wrapped_callback(request, *callback_args, **callback_kwargs)
               ^^^^^^^^^^^^^^^^^^^^^^^^^^^^^^^^^^^^^^^^^^^^^^^^^^^^^^^^^^^^
  File "A:\GeekBrains\Django\Seminar\project\my_project\hwapp_2\views.py", line 28, in client
    return render(request, 'online_store/client.html', {'client': client, 'orders': orders})
           ^^^^^^^^^^^^^^^^^^^^^^^^^^^^^^^^^^^^^^^^^^^^^^^^^^^^^^^^^^^^^^^^^^^^^^^^^^^^^^^^^
  File "A:\GeekBrains\Django\Seminar\project\my_env_seminar\Lib\site-packages\django\shortcuts.py", line 25, in render
    content = loader.render_to_string(template_name, context, request, using=using)
              ^^^^^^^^^^^^^^^^^^^^^^^^^^^^^^^^^^^^^^^^^^^^^^^^^^^^^^^^^^^^^^^^^^^^^
  File "A:\GeekBrains\Django\Seminar\project\my_env_seminar\Lib\site-packages\django\template\loader.py", line 61, in render_to_string
    template = get_template(template_name, using=using)
               ^^^^^^^^^^^^^^^^^^^^^^^^^^^^^^^^^^^^^^^^
  File "A:\GeekBrains\Django\Seminar\project\my_env_seminar\Lib\site-packages\django\template\loader.py", line 19, in get_template
    raise TemplateDoesNotExist(template_name, chain=chain)
django.template.exceptions.TemplateDoesNotExist: online_store/client.html
ERROR 2024-03-20 20:20:17,191 basehttp 13764 19808 "GET /hw2/client/2/ HTTP/1.1" 500 88188
INFO 2024-03-20 20:22:47,076 autoreload 13764 14044 A:\GeekBrains\Django\Seminar\project\my_project\hwapp_2\views.py changed, reloading.
INFO 2024-03-20 20:22:47,406 autoreload 16928 24756 Watching for file changes with StatReloader
INFO 2024-03-20 20:22:48,588 basehttp 16928 8976 "GET /hw2/client/2/ HTTP/1.1" 200 1058
WARNING 2024-03-20 20:23:15,272 log 16928 8976 Not Found: /client/1
WARNING 2024-03-20 20:23:15,272 basehttp 16928 8976 "GET /client/1 HTTP/1.1" 404 2525
INFO 2024-03-20 20:26:23,478 basehttp 16928 8976 "GET /hw2/client/2/ HTTP/1.1" 200 1058
INFO 2024-03-20 20:27:08,902 basehttp 16928 8976 "GET /hw2/client/2/ HTTP/1.1" 200 1058
WARNING 2024-03-20 20:27:10,137 log 16928 8976 Not Found: /client/1
WARNING 2024-03-20 20:27:10,137 basehttp 16928 8976 "GET /client/1 HTTP/1.1" 404 2525
WARNING 2024-03-20 20:27:11,941 log 16928 8976 Not Found: /client/1
WARNING 2024-03-20 20:27:11,942 basehttp 16928 8976 "GET /client/1 HTTP/1.1" 404 2525
WARNING 2024-03-20 20:27:12,878 log 16928 8976 Not Found: /client/1
WARNING 2024-03-20 20:27:12,878 basehttp 16928 8976 "GET /client/1 HTTP/1.1" 404 2525
WARNING 2024-03-20 20:27:13,698 log 16928 8976 Not Found: /client/1
WARNING 2024-03-20 20:27:13,698 basehttp 16928 8976 "GET /client/1 HTTP/1.1" 404 2525
WARNING 2024-03-20 20:27:14,064 log 16928 8976 Not Found: /client/1
WARNING 2024-03-20 20:27:14,064 basehttp 16928 8976 "GET /client/1 HTTP/1.1" 404 2525
WARNING 2024-03-20 20:27:14,302 log 16928 8976 Not Found: /client/1
WARNING 2024-03-20 20:27:14,303 basehttp 16928 8976 "GET /client/1 HTTP/1.1" 404 2525
WARNING 2024-03-20 20:27:14,521 log 16928 8976 Not Found: /client/1
WARNING 2024-03-20 20:27:14,521 basehttp 16928 8976 "GET /client/1 HTTP/1.1" 404 2525
WARNING 2024-03-20 20:27:24,299 log 16928 8976 Not Found: /client/1
WARNING 2024-03-20 20:27:24,300 basehttp 16928 8976 "GET /client/1 HTTP/1.1" 404 2525
WARNING 2024-03-20 20:27:24,833 log 16928 8976 Not Found: /client/1
WARNING 2024-03-20 20:27:24,834 basehttp 16928 8976 "GET /client/1 HTTP/1.1" 404 2525
WARNING 2024-03-20 20:27:25,249 log 16928 8976 Not Found: /client/1
WARNING 2024-03-20 20:27:25,250 basehttp 16928 8976 "GET /client/1 HTTP/1.1" 404 2525
WARNING 2024-03-20 20:32:59,594 log 16928 19900 Not Found: /
WARNING 2024-03-20 20:32:59,594 basehttp 16928 19900 "GET / HTTP/1.1" 404 2483
WARNING 2024-03-20 20:33:25,565 log 16928 19900 Not Found: /
WARNING 2024-03-20 20:33:25,565 basehttp 16928 19900 "GET / HTTP/1.1" 404 2483
WARNING 2024-03-20 20:33:26,208 log 16928 19900 Not Found: /
WARNING 2024-03-20 20:33:26,208 basehttp 16928 19900 "GET / HTTP/1.1" 404 2483
WARNING 2024-03-20 20:33:26,561 log 16928 19900 Not Found: /
WARNING 2024-03-20 20:33:26,561 basehttp 16928 19900 "GET / HTTP/1.1" 404 2483
WARNING 2024-03-20 20:33:26,743 log 16928 19900 Not Found: /
WARNING 2024-03-20 20:33:26,743 basehttp 16928 19900 "GET / HTTP/1.1" 404 2483
WARNING 2024-03-20 20:33:43,957 log 16928 19900 Not Found: /
WARNING 2024-03-20 20:33:43,958 basehttp 16928 19900 "GET / HTTP/1.1" 404 2483
INFO 2024-03-20 20:33:56,259 basehttp 16928 19900 "GET /hw2/ HTTP/1.1" 200 692
WARNING 2024-03-20 20:34:11,173 log 16928 19900 Not Found: /hw2/hw2/
WARNING 2024-03-20 20:34:11,174 basehttp 16928 19900 "GET /hw2/hw2/ HTTP/1.1" 404 3783
INFO 2024-03-20 20:35:57,516 basehttp 16928 19900 "GET /hw2/client/1 HTTP/1.1" 301 0
INFO 2024-03-20 20:35:57,522 basehttp 16928 20520 "GET /hw2/client/1/ HTTP/1.1" 200 1093
INFO 2024-03-20 20:35:59,303 basehttp 16928 20520 "GET /hw2/order/1 HTTP/1.1" 301 0
INFO 2024-03-20 20:35:59,309 basehttp 16928 6632 "GET /hw2/order/1/ HTTP/1.1" 200 742
INFO 2024-03-20 20:36:00,842 basehttp 16928 6632 "GET /hw2/client/1/ HTTP/1.1" 200 1093
INFO 2024-03-20 20:43:04,533 basehttp 16928 14140 "GET /hw2/orders_no_sort/1/ HTTP/1.1" 200 1919
INFO 2024-03-20 20:43:21,932 basehttp 16928 14140 "GET /hw2/orders/1/ HTTP/1.1" 200 1368
INFO 2024-03-20 21:04:17,210 basehttp 16928 10688 "GET /hw2/clients_all HTTP/1.1" 301 0
ERROR 2024-03-20 21:04:17,237 log 16928 19764 Internal Server Error: /hw2/clients_all/
Traceback (most recent call last):
  File "A:\GeekBrains\Django\Seminar\project\my_env_seminar\Lib\site-packages\django\core\handlers\exception.py", line 55, in inner
    response = get_response(request)
               ^^^^^^^^^^^^^^^^^^^^^
  File "A:\GeekBrains\Django\Seminar\project\my_env_seminar\Lib\site-packages\django\core\handlers\base.py", line 197, in _get_response
    response = wrapped_callback(request, *callback_args, **callback_kwargs)
               ^^^^^^^^^^^^^^^^^^^^^^^^^^^^^^^^^^^^^^^^^^^^^^^^^^^^^^^^^^^^
  File "A:\GeekBrains\Django\Seminar\project\my_project\hwapp_2\views.py", line 21, in clients_all
    return render(request, 'hwapp_2/clients_all.html', {'clients': clients})
           ^^^^^^^^^^^^^^^^^^^^^^^^^^^^^^^^^^^^^^^^^^^^^^^^^^^^^^^^^^^^^^^^^
  File "A:\GeekBrains\Django\Seminar\project\my_env_seminar\Lib\site-packages\django\shortcuts.py", line 25, in render
    content = loader.render_to_string(template_name, context, request, using=using)
              ^^^^^^^^^^^^^^^^^^^^^^^^^^^^^^^^^^^^^^^^^^^^^^^^^^^^^^^^^^^^^^^^^^^^^
  File "A:\GeekBrains\Django\Seminar\project\my_env_seminar\Lib\site-packages\django\template\loader.py", line 61, in render_to_string
    template = get_template(template_name, using=using)
               ^^^^^^^^^^^^^^^^^^^^^^^^^^^^^^^^^^^^^^^^
  File "A:\GeekBrains\Django\Seminar\project\my_env_seminar\Lib\site-packages\django\template\loader.py", line 19, in get_template
    raise TemplateDoesNotExist(template_name, chain=chain)
django.template.exceptions.TemplateDoesNotExist: hwapp_2/clients_all.html
ERROR 2024-03-20 21:04:17,238 basehttp 16928 19764 "GET /hw2/clients_all/ HTTP/1.1" 500 93584
INFO 2024-03-20 21:05:24,989 basehttp 16928 7324 "GET /hw2/clients_all/ HTTP/1.1" 200 4032
INFO 2024-03-20 21:05:29,982 basehttp 16928 7324 "GET /hw2/client/3/ HTTP/1.1" 200 1094
INFO 2024-03-20 21:06:29,117 basehttp 16928 7324 "GET /hw2/clients_all/ HTTP/1.1" 200 4032
INFO 2024-03-20 21:06:35,163 basehttp 16928 7324 "GET /hw2/client/1/ HTTP/1.1" 200 1093
INFO 2024-03-20 21:06:37,276 basehttp 16928 7324 "GET /hw2/order/1/ HTTP/1.1" 200 742
WARNING 2024-03-20 21:06:39,653 log 16928 7324 Not Found: /hw2/order/1/hw2/
WARNING 2024-03-20 21:06:39,653 basehttp 16928 7324 "GET /hw2/order/1/hw2/ HTTP/1.1" 404 3807
WARNING 2024-03-20 21:14:36,013 log 16928 24960 Not Found: /hw2/order/1/hw2/
WARNING 2024-03-20 21:14:36,013 basehttp 16928 24960 "GET /hw2/order/1/hw2/ HTTP/1.1" 404 3807
WARNING 2024-03-20 21:14:58,245 log 16928 24960 Not Found: /hw2/order/1/hw2/
WARNING 2024-03-20 21:14:58,245 basehttp 16928 24960 "GET /hw2/order/1/hw2/ HTTP/1.1" 404 3807
WARNING 2024-03-20 21:14:58,871 log 16928 24960 Not Found: /hw2/order/1/hw2/
WARNING 2024-03-20 21:14:58,871 basehttp 16928 24960 "GET /hw2/order/1/hw2/ HTTP/1.1" 404 3807
WARNING 2024-03-20 21:14:59,138 log 16928 24960 Not Found: /hw2/order/1/hw2/
WARNING 2024-03-20 21:14:59,138 basehttp 16928 24960 "GET /hw2/order/1/hw2/ HTTP/1.1" 404 3807
WARNING 2024-03-20 21:14:59,331 log 16928 24960 Not Found: /hw2/order/1/hw2/
WARNING 2024-03-20 21:14:59,331 basehttp 16928 24960 "GET /hw2/order/1/hw2/ HTTP/1.1" 404 3807
WARNING 2024-03-20 21:14:59,525 log 16928 24960 Not Found: /hw2/order/1/hw2/
WARNING 2024-03-20 21:14:59,525 basehttp 16928 24960 "GET /hw2/order/1/hw2/ HTTP/1.1" 404 3807
WARNING 2024-03-20 21:15:04,207 log 16928 24960 Not Found: /hw2/order/1/hw2/
WARNING 2024-03-20 21:15:04,207 basehttp 16928 24960 "GET /hw2/order/1/hw2/ HTTP/1.1" 404 3807
WARNING 2024-03-20 21:15:11,172 log 16928 24960 Not Found: /hw2/order/1/hw2/
WARNING 2024-03-20 21:15:11,172 basehttp 16928 24960 "GET /hw2/order/1/hw2/ HTTP/1.1" 404 3807
WARNING 2024-03-20 21:15:11,594 log 16928 24960 Not Found: /hw2/order/1/hw2/
WARNING 2024-03-20 21:15:11,594 basehttp 16928 24960 "GET /hw2/order/1/hw2/ HTTP/1.1" 404 3807
WARNING 2024-03-20 21:15:11,798 log 16928 24960 Not Found: /hw2/order/1/hw2/
WARNING 2024-03-20 21:15:11,798 basehttp 16928 24960 "GET /hw2/order/1/hw2/ HTTP/1.1" 404 3807
WARNING 2024-03-20 21:15:12,009 log 16928 24960 Not Found: /hw2/order/1/hw2/
WARNING 2024-03-20 21:15:12,010 basehttp 16928 24960 "GET /hw2/order/1/hw2/ HTTP/1.1" 404 3807
WARNING 2024-03-20 21:15:12,213 log 16928 24960 Not Found: /hw2/order/1/hw2/
WARNING 2024-03-20 21:15:12,213 basehttp 16928 24960 "GET /hw2/order/1/hw2/ HTTP/1.1" 404 3807
INFO 2024-03-20 21:16:06,185 basehttp 16928 24960 "GET /hw2/order/1/ HTTP/1.1" 200 738
INFO 2024-03-20 21:16:07,408 basehttp 16928 24960 "GET /hw2/order/1/ HTTP/1.1" 200 738
INFO 2024-03-20 21:16:08,188 basehttp 16928 24960 "GET /hw2/client/1/ HTTP/1.1" 200 1089
INFO 2024-03-20 21:16:09,439 basehttp 16928 24960 "GET /hw2/clients_all/ HTTP/1.1" 200 4028
INFO 2024-03-20 21:16:14,490 basehttp 16928 24960 "GET /hw2/client/1/ HTTP/1.1" 200 1089
INFO 2024-03-20 21:16:15,434 basehttp 16928 24960 "GET /hw2/clients_all/ HTTP/1.1" 200 4028
INFO 2024-03-20 21:16:18,626 basehttp 16928 24960 "GET /hw2/clients_all/ HTTP/1.1" 200 4028
INFO 2024-03-20 21:16:26,590 basehttp 16928 24960 "GET /hw2/clients_all/ HTTP/1.1" 200 4028
INFO 2024-03-20 21:16:28,171 basehttp 16928 24960 "GET /hw2/clients_all/ HTTP/1.1" 200 4028
INFO 2024-03-20 21:16:28,895 basehttp 16928 24960 "GET /hw2/clients_all/ HTTP/1.1" 200 4028
INFO 2024-03-20 21:16:29,237 basehttp 16928 24960 "GET /hw2/clients_all/ HTTP/1.1" 200 4028
INFO 2024-03-20 21:16:29,479 basehttp 16928 24960 "GET /hw2/clients_all/ HTTP/1.1" 200 4028
INFO 2024-03-20 21:16:29,701 basehttp 16928 24960 "GET /hw2/clients_all/ HTTP/1.1" 200 4028
INFO 2024-03-20 21:16:29,950 basehttp 16928 24960 "GET /hw2/clients_all/ HTTP/1.1" 200 4028
INFO 2024-03-20 21:16:31,959 basehttp 16928 24960 "GET /hw2/clients_all/ HTTP/1.1" 200 4028
INFO 2024-03-20 21:16:33,361 basehttp 16928 24960 "GET /hw2/clients_all/ HTTP/1.1" 200 4028
INFO 2024-03-20 21:16:37,312 basehttp 16928 24960 "GET /hw2/clients_all/ HTTP/1.1" 200 4028
INFO 2024-03-20 21:16:37,887 basehttp 16928 24960 "GET /hw2/clients_all/ HTTP/1.1" 200 4028
INFO 2024-03-20 21:16:38,088 basehttp 16928 24960 "GET /hw2/clients_all/ HTTP/1.1" 200 4028
INFO 2024-03-20 21:16:38,310 basehttp 16928 24960 "GET /hw2/clients_all/ HTTP/1.1" 200 4028
INFO 2024-03-20 21:16:38,681 basehttp 16928 24960 "GET /hw2/clients_all/ HTTP/1.1" 200 4028
INFO 2024-03-20 21:16:38,893 basehttp 16928 24960 "GET /hw2/clients_all/ HTTP/1.1" 200 4028
INFO 2024-03-20 21:16:39,997 basehttp 16928 24960 "GET /hw2/client/6/ HTTP/1.1" 200 1099
INFO 2024-03-20 21:16:41,376 basehttp 16928 24960 "GET /hw2/client/6/ HTTP/1.1" 200 1099
INFO 2024-03-20 21:16:41,873 basehttp 16928 24960 "GET /hw2/client/6/ HTTP/1.1" 200 1099
INFO 2024-03-20 21:16:42,084 basehttp 16928 24960 "GET /hw2/client/6/ HTTP/1.1" 200 1099
INFO 2024-03-20 21:16:42,276 basehttp 16928 24960 "GET /hw2/client/6/ HTTP/1.1" 200 1099
INFO 2024-03-20 21:16:42,465 basehttp 16928 24960 "GET /hw2/client/6/ HTTP/1.1" 200 1099
INFO 2024-03-20 21:16:42,657 basehttp 16928 24960 "GET /hw2/client/6/ HTTP/1.1" 200 1099
INFO 2024-03-20 21:16:42,838 basehttp 16928 24960 "GET /hw2/client/6/ HTTP/1.1" 200 1099
INFO 2024-03-20 21:16:43,011 basehttp 16928 24960 "GET /hw2/client/6/ HTTP/1.1" 200 1099
INFO 2024-03-20 21:16:43,197 basehttp 16928 24960 "GET /hw2/client/6/ HTTP/1.1" 200 1099
INFO 2024-03-20 21:16:43,383 basehttp 16928 24960 "GET /hw2/client/6/ HTTP/1.1" 200 1099
INFO 2024-03-20 21:16:43,546 basehttp 16928 24960 "GET /hw2/client/6/ HTTP/1.1" 200 1099
INFO 2024-03-20 21:16:44,371 basehttp 16928 24960 "GET /hw2/client/6/ HTTP/1.1" 200 1099
INFO 2024-03-20 21:16:44,579 basehttp 16928 24960 "GET /hw2/client/6/ HTTP/1.1" 200 1099
INFO 2024-03-20 21:16:44,770 basehttp 16928 24960 "GET /hw2/client/6/ HTTP/1.1" 200 1099
INFO 2024-03-20 21:16:44,955 basehttp 16928 24960 "GET /hw2/client/6/ HTTP/1.1" 200 1099
INFO 2024-03-20 21:16:45,124 basehttp 16928 24960 "GET /hw2/client/6/ HTTP/1.1" 200 1099
INFO 2024-03-20 21:16:45,313 basehttp 16928 24960 "GET /hw2/client/6/ HTTP/1.1" 200 1099
INFO 2024-03-20 21:16:45,482 basehttp 16928 24960 "GET /hw2/client/6/ HTTP/1.1" 200 1099
INFO 2024-03-20 21:16:45,638 basehttp 16928 24960 "GET /hw2/client/6/ HTTP/1.1" 200 1099
INFO 2024-03-20 21:16:45,811 basehttp 16928 24960 "GET /hw2/client/6/ HTTP/1.1" 200 1099
INFO 2024-03-20 21:16:57,678 basehttp 16928 24960 "GET /hw2/client/6/ HTTP/1.1" 200 1100
INFO 2024-03-20 21:16:58,211 basehttp 16928 24960 "GET /hw2/client/6/ HTTP/1.1" 200 1100
INFO 2024-03-20 21:16:58,431 basehttp 16928 24960 "GET /hw2/client/6/ HTTP/1.1" 200 1100
INFO 2024-03-20 21:16:58,672 basehttp 16928 24960 "GET /hw2/client/6/ HTTP/1.1" 200 1100
INFO 2024-03-20 21:16:58,962 basehttp 16928 24960 "GET /hw2/client/6/ HTTP/1.1" 200 1100
INFO 2024-03-20 21:16:59,348 basehttp 16928 24960 "GET /hw2/client/6/ HTTP/1.1" 200 1100
INFO 2024-03-20 21:16:59,606 basehttp 16928 24960 "GET /hw2/client/6/ HTTP/1.1" 200 1100
INFO 2024-03-20 21:16:59,833 basehttp 16928 24960 "GET /hw2/client/6/ HTTP/1.1" 200 1100
INFO 2024-03-20 21:17:00,059 basehttp 16928 24960 "GET /hw2/client/6/ HTTP/1.1" 200 1100
INFO 2024-03-20 21:17:00,270 basehttp 16928 24960 "GET /hw2/client/6/ HTTP/1.1" 200 1100
INFO 2024-03-20 21:17:00,469 basehttp 16928 24960 "GET /hw2/client/6/ HTTP/1.1" 200 1100
INFO 2024-03-20 21:17:00,683 basehttp 16928 24960 "GET /hw2/client/6/ HTTP/1.1" 200 1100
INFO 2024-03-20 21:17:00,883 basehttp 16928 24960 "GET /hw2/client/6/ HTTP/1.1" 200 1100
INFO 2024-03-20 21:17:01,093 basehttp 16928 24960 "GET /hw2/client/6/ HTTP/1.1" 200 1100
INFO 2024-03-20 21:17:01,300 basehttp 16928 24960 "GET /hw2/client/6/ HTTP/1.1" 200 1100
INFO 2024-03-20 21:17:01,510 basehttp 16928 24960 "GET /hw2/client/6/ HTTP/1.1" 200 1100
INFO 2024-03-20 21:17:01,719 basehttp 16928 24960 "GET /hw2/client/6/ HTTP/1.1" 200 1100
INFO 2024-03-20 21:17:01,937 basehttp 16928 24960 "GET /hw2/client/6/ HTTP/1.1" 200 1100
INFO 2024-03-20 21:17:02,162 basehttp 16928 24960 "GET /hw2/client/6/ HTTP/1.1" 200 1100
INFO 2024-03-20 21:17:02,388 basehttp 16928 24960 "GET /hw2/client/6/ HTTP/1.1" 200 1100
INFO 2024-03-20 21:17:02,601 basehttp 16928 24960 "GET /hw2/client/6/ HTTP/1.1" 200 1100
INFO 2024-03-20 21:17:02,824 basehttp 16928 24960 "GET /hw2/client/6/ HTTP/1.1" 200 1100
INFO 2024-03-20 21:17:03,041 basehttp 16928 24960 "GET /hw2/client/6/ HTTP/1.1" 200 1100
INFO 2024-03-20 21:17:03,457 basehttp 16928 24960 "GET /hw2/client/6/ HTTP/1.1" 200 1100
INFO 2024-03-20 21:17:05,047 basehttp 16928 24960 "GET /hw2/client/6/ HTTP/1.1" 200 1100
INFO 2024-03-20 21:17:05,445 basehttp 16928 24960 "GET /hw2/client/6/ HTTP/1.1" 200 1100
INFO 2024-03-20 21:17:05,787 basehttp 16928 24960 "GET /hw2/client/6/ HTTP/1.1" 200 1100
INFO 2024-03-20 21:17:06,367 basehttp 16928 24960 "GET /hw2/client/6/ HTTP/1.1" 200 1100
INFO 2024-03-20 21:17:06,664 basehttp 16928 24960 "GET /hw2/client/6/ HTTP/1.1" 200 1100
INFO 2024-03-20 21:17:06,920 basehttp 16928 24960 "GET /hw2/client/6/ HTTP/1.1" 200 1100
INFO 2024-03-20 21:17:07,178 basehttp 16928 24960 "GET /hw2/client/6/ HTTP/1.1" 200 1100
INFO 2024-03-20 21:17:07,441 basehttp 16928 24960 "GET /hw2/client/6/ HTTP/1.1" 200 1100
INFO 2024-03-20 21:17:07,724 basehttp 16928 24960 "GET /hw2/client/6/ HTTP/1.1" 200 1100
INFO 2024-03-20 21:17:07,997 basehttp 16928 24960 "GET /hw2/client/6/ HTTP/1.1" 200 1100
INFO 2024-03-20 21:17:08,245 basehttp 16928 24960 "GET /hw2/client/6/ HTTP/1.1" 200 1100
INFO 2024-03-20 21:17:08,439 basehttp 16928 24960 "GET /hw2/client/6/ HTTP/1.1" 200 1100
INFO 2024-03-20 21:17:08,636 basehttp 16928 24960 "GET /hw2/client/6/ HTTP/1.1" 200 1100
INFO 2024-03-20 21:17:08,834 basehttp 16928 24960 "GET /hw2/client/6/ HTTP/1.1" 200 1100
INFO 2024-03-20 21:17:09,051 basehttp 16928 24960 "GET /hw2/client/6/ HTTP/1.1" 200 1100
INFO 2024-03-20 21:17:09,275 basehttp 16928 24960 "GET /hw2/client/6/ HTTP/1.1" 200 1100
INFO 2024-03-20 21:17:09,498 basehttp 16928 24960 "GET /hw2/client/6/ HTTP/1.1" 200 1100
INFO 2024-03-20 21:17:09,739 basehttp 16928 24960 "GET /hw2/client/6/ HTTP/1.1" 200 1100
INFO 2024-03-20 21:17:10,031 basehttp 16928 24960 "GET /hw2/client/6/ HTTP/1.1" 200 1100
INFO 2024-03-20 21:17:10,711 basehttp 16928 24960 "GET /hw2/client/6/ HTTP/1.1" 200 1100
INFO 2024-03-20 21:17:10,927 basehttp 16928 24960 "GET /hw2/client/6/ HTTP/1.1" 200 1100
INFO 2024-03-20 21:17:11,158 basehttp 16928 24960 "GET /hw2/client/6/ HTTP/1.1" 200 1100
INFO 2024-03-20 21:17:11,393 basehttp 16928 24960 "GET /hw2/client/6/ HTTP/1.1" 200 1100
INFO 2024-03-20 21:17:11,659 basehttp 16928 24960 "GET /hw2/client/6/ HTTP/1.1" 200 1100
WARNING 2024-03-20 21:17:12,755 log 16928 24960 Not Found: /
WARNING 2024-03-20 21:17:12,755 basehttp 16928 24960 "GET / HTTP/1.1" 404 2483
WARNING 2024-03-20 21:17:49,984 log 16928 24960 Not Found: /
WARNING 2024-03-20 21:17:49,985 basehttp 16928 24960 "GET / HTTP/1.1" 404 2483
WARNING 2024-03-20 21:17:50,534 log 16928 24960 Not Found: /
WARNING 2024-03-20 21:17:50,534 basehttp 16928 24960 "GET / HTTP/1.1" 404 2483
WARNING 2024-03-20 21:17:51,155 log 16928 24960 Not Found: /
WARNING 2024-03-20 21:17:51,155 basehttp 16928 24960 "GET / HTTP/1.1" 404 2483
WARNING 2024-03-20 21:17:51,684 log 16928 24960 Not Found: /
WARNING 2024-03-20 21:17:51,685 basehttp 16928 24960 "GET / HTTP/1.1" 404 2483
WARNING 2024-03-20 21:17:51,998 log 16928 24960 Not Found: /
WARNING 2024-03-20 21:17:51,998 basehttp 16928 24960 "GET / HTTP/1.1" 404 2483
WARNING 2024-03-20 21:17:52,209 log 16928 24960 Not Found: /
WARNING 2024-03-20 21:17:52,210 basehttp 16928 24960 "GET / HTTP/1.1" 404 2483
WARNING 2024-03-20 21:17:52,414 log 16928 24960 Not Found: /
WARNING 2024-03-20 21:17:52,415 basehttp 16928 24960 "GET / HTTP/1.1" 404 2483
WARNING 2024-03-20 21:17:52,601 log 16928 24960 Not Found: /
WARNING 2024-03-20 21:17:52,601 basehttp 16928 24960 "GET / HTTP/1.1" 404 2483
WARNING 2024-03-20 21:17:52,793 log 16928 24960 Not Found: /
WARNING 2024-03-20 21:17:52,793 basehttp 16928 24960 "GET / HTTP/1.1" 404 2483
WARNING 2024-03-20 21:17:52,986 log 16928 24960 Not Found: /
WARNING 2024-03-20 21:17:52,986 basehttp 16928 24960 "GET / HTTP/1.1" 404 2483
WARNING 2024-03-20 21:17:55,764 log 16928 24960 Not Found: /
WARNING 2024-03-20 21:17:55,765 basehttp 16928 24960 "GET / HTTP/1.1" 404 2483
WARNING 2024-03-20 21:17:56,166 log 16928 24960 Not Found: /
WARNING 2024-03-20 21:17:56,167 basehttp 16928 24960 "GET / HTTP/1.1" 404 2483
WARNING 2024-03-20 21:17:56,621 log 16928 24960 Not Found: /
WARNING 2024-03-20 21:17:56,621 basehttp 16928 24960 "GET / HTTP/1.1" 404 2483
WARNING 2024-03-20 21:17:56,842 log 16928 24960 Not Found: /
WARNING 2024-03-20 21:17:56,843 basehttp 16928 24960 "GET / HTTP/1.1" 404 2483
WARNING 2024-03-20 21:17:57,106 log 16928 24960 Not Found: /
WARNING 2024-03-20 21:17:57,107 basehttp 16928 24960 "GET / HTTP/1.1" 404 2483
WARNING 2024-03-20 21:17:57,466 log 16928 24960 Not Found: /
WARNING 2024-03-20 21:17:57,466 basehttp 16928 24960 "GET / HTTP/1.1" 404 2483
WARNING 2024-03-20 21:17:57,686 log 16928 24960 Not Found: /
WARNING 2024-03-20 21:17:57,686 basehttp 16928 24960 "GET / HTTP/1.1" 404 2483
WARNING 2024-03-20 21:17:57,900 log 16928 24960 Not Found: /
WARNING 2024-03-20 21:17:57,901 basehttp 16928 24960 "GET / HTTP/1.1" 404 2483
WARNING 2024-03-20 21:17:58,101 log 16928 24960 Not Found: /
WARNING 2024-03-20 21:17:58,102 basehttp 16928 24960 "GET / HTTP/1.1" 404 2483
WARNING 2024-03-20 21:17:58,288 log 16928 24960 Not Found: /
WARNING 2024-03-20 21:17:58,289 basehttp 16928 24960 "GET / HTTP/1.1" 404 2483
WARNING 2024-03-20 21:17:58,502 log 16928 24960 Not Found: /
WARNING 2024-03-20 21:17:58,503 basehttp 16928 24960 "GET / HTTP/1.1" 404 2483
WARNING 2024-03-20 21:17:58,711 log 16928 24960 Not Found: /
WARNING 2024-03-20 21:17:58,712 basehttp 16928 24960 "GET / HTTP/1.1" 404 2483
WARNING 2024-03-20 21:17:58,908 log 16928 24960 Not Found: /
WARNING 2024-03-20 21:17:58,909 basehttp 16928 24960 "GET / HTTP/1.1" 404 2483
WARNING 2024-03-20 21:17:59,115 log 16928 24960 Not Found: /
WARNING 2024-03-20 21:17:59,116 basehttp 16928 24960 "GET / HTTP/1.1" 404 2483
WARNING 2024-03-20 21:17:59,330 log 16928 24960 Not Found: /
WARNING 2024-03-20 21:17:59,330 basehttp 16928 24960 "GET / HTTP/1.1" 404 2483
WARNING 2024-03-20 21:17:59,907 log 16928 24960 Not Found: /
WARNING 2024-03-20 21:17:59,907 basehttp 16928 24960 "GET / HTTP/1.1" 404 2483
WARNING 2024-03-20 21:19:07,444 log 16928 24960 Not Found: /
WARNING 2024-03-20 21:19:07,445 basehttp 16928 24960 "GET / HTTP/1.1" 404 2483
WARNING 2024-03-20 21:19:07,915 log 16928 24960 Not Found: /
WARNING 2024-03-20 21:19:07,915 basehttp 16928 24960 "GET / HTTP/1.1" 404 2483
WARNING 2024-03-20 21:19:19,792 log 16928 24960 Not Found: /
WARNING 2024-03-20 21:19:19,793 basehttp 16928 24960 "GET / HTTP/1.1" 404 2483
WARNING 2024-03-20 21:19:20,203 log 16928 24960 Not Found: /
WARNING 2024-03-20 21:19:20,203 basehttp 16928 24960 "GET / HTTP/1.1" 404 2483
WARNING 2024-03-20 21:19:20,422 log 16928 24960 Not Found: /
WARNING 2024-03-20 21:19:20,423 basehttp 16928 24960 "GET / HTTP/1.1" 404 2483
WARNING 2024-03-20 21:19:20,622 log 16928 24960 Not Found: /
WARNING 2024-03-20 21:19:20,623 basehttp 16928 24960 "GET / HTTP/1.1" 404 2483
WARNING 2024-03-20 21:19:20,820 log 16928 24960 Not Found: /
WARNING 2024-03-20 21:19:20,820 basehttp 16928 24960 "GET / HTTP/1.1" 404 2483
WARNING 2024-03-20 21:19:21,019 log 16928 24960 Not Found: /
WARNING 2024-03-20 21:19:21,019 basehttp 16928 24960 "GET / HTTP/1.1" 404 2483
WARNING 2024-03-20 21:19:21,220 log 16928 24960 Not Found: /
WARNING 2024-03-20 21:19:21,221 basehttp 16928 24960 "GET / HTTP/1.1" 404 2483
WARNING 2024-03-20 21:19:21,419 log 16928 24960 Not Found: /
WARNING 2024-03-20 21:19:21,419 basehttp 16928 24960 "GET / HTTP/1.1" 404 2483
WARNING 2024-03-20 21:19:21,623 log 16928 24960 Not Found: /
WARNING 2024-03-20 21:19:21,624 basehttp 16928 24960 "GET / HTTP/1.1" 404 2483
WARNING 2024-03-20 21:19:21,951 log 16928 24960 Not Found: /
WARNING 2024-03-20 21:19:21,952 basehttp 16928 24960 "GET / HTTP/1.1" 404 2483
WARNING 2024-03-20 21:19:22,216 log 16928 24960 Not Found: /
WARNING 2024-03-20 21:19:22,217 basehttp 16928 24960 "GET / HTTP/1.1" 404 2483
WARNING 2024-03-20 21:19:22,429 log 16928 24960 Not Found: /
WARNING 2024-03-20 21:19:22,430 basehttp 16928 24960 "GET / HTTP/1.1" 404 2483
WARNING 2024-03-20 21:19:22,634 log 16928 24960 Not Found: /
WARNING 2024-03-20 21:19:22,634 basehttp 16928 24960 "GET / HTTP/1.1" 404 2483
WARNING 2024-03-20 21:19:22,851 log 16928 24960 Not Found: /
WARNING 2024-03-20 21:19:22,852 basehttp 16928 24960 "GET / HTTP/1.1" 404 2483
WARNING 2024-03-20 21:19:23,078 log 16928 24960 Not Found: /
WARNING 2024-03-20 21:19:23,078 basehttp 16928 24960 "GET / HTTP/1.1" 404 2483
WARNING 2024-03-20 21:19:23,304 log 16928 24960 Not Found: /
WARNING 2024-03-20 21:19:23,304 basehttp 16928 24960 "GET / HTTP/1.1" 404 2483
WARNING 2024-03-20 21:19:23,522 log 16928 24960 Not Found: /
WARNING 2024-03-20 21:19:23,523 basehttp 16928 24960 "GET / HTTP/1.1" 404 2483
WARNING 2024-03-20 21:19:23,809 log 16928 24960 Not Found: /
WARNING 2024-03-20 21:19:23,809 basehttp 16928 24960 "GET / HTTP/1.1" 404 2483
WARNING 2024-03-20 21:19:24,109 log 16928 24960 Not Found: /
WARNING 2024-03-20 21:19:24,109 basehttp 16928 24960 "GET / HTTP/1.1" 404 2483
WARNING 2024-03-20 21:19:24,413 log 16928 24960 Not Found: /
WARNING 2024-03-20 21:19:24,413 basehttp 16928 24960 "GET / HTTP/1.1" 404 2483
WARNING 2024-03-20 21:19:24,719 log 16928 24960 Not Found: /
WARNING 2024-03-20 21:19:24,719 basehttp 16928 24960 "GET / HTTP/1.1" 404 2483
WARNING 2024-03-20 21:19:25,016 log 16928 24960 Not Found: /
WARNING 2024-03-20 21:19:25,016 basehttp 16928 24960 "GET / HTTP/1.1" 404 2483
WARNING 2024-03-20 21:19:25,249 log 16928 24960 Not Found: /
WARNING 2024-03-20 21:19:25,250 basehttp 16928 24960 "GET / HTTP/1.1" 404 2483
WARNING 2024-03-20 21:19:36,300 log 16928 24960 Not Found: /
WARNING 2024-03-20 21:19:36,300 basehttp 16928 24960 "GET / HTTP/1.1" 404 2483
WARNING 2024-03-20 21:19:36,789 log 16928 24960 Not Found: /
WARNING 2024-03-20 21:19:36,789 basehttp 16928 24960 "GET / HTTP/1.1" 404 2483
WARNING 2024-03-20 21:19:36,992 log 16928 24960 Not Found: /
WARNING 2024-03-20 21:19:36,992 basehttp 16928 24960 "GET / HTTP/1.1" 404 2483
WARNING 2024-03-20 21:19:37,182 log 16928 24960 Not Found: /
WARNING 2024-03-20 21:19:37,182 basehttp 16928 24960 "GET / HTTP/1.1" 404 2483
WARNING 2024-03-20 21:19:37,375 log 16928 24960 Not Found: /
WARNING 2024-03-20 21:19:37,375 basehttp 16928 24960 "GET / HTTP/1.1" 404 2483
WARNING 2024-03-20 21:19:37,568 log 16928 24960 Not Found: /
WARNING 2024-03-20 21:19:37,568 basehttp 16928 24960 "GET / HTTP/1.1" 404 2483
WARNING 2024-03-20 21:19:37,749 log 16928 24960 Not Found: /
WARNING 2024-03-20 21:19:37,750 basehttp 16928 24960 "GET / HTTP/1.1" 404 2483
WARNING 2024-03-20 21:19:37,946 log 16928 24960 Not Found: /
WARNING 2024-03-20 21:19:37,947 basehttp 16928 24960 "GET / HTTP/1.1" 404 2483
WARNING 2024-03-20 21:19:38,161 log 16928 24960 Not Found: /
WARNING 2024-03-20 21:19:38,161 basehttp 16928 24960 "GET / HTTP/1.1" 404 2483
WARNING 2024-03-20 21:19:38,522 log 16928 24960 Not Found: /
WARNING 2024-03-20 21:19:38,523 basehttp 16928 24960 "GET / HTTP/1.1" 404 2483
WARNING 2024-03-20 21:19:38,767 log 16928 24960 Not Found: /
WARNING 2024-03-20 21:19:38,767 basehttp 16928 24960 "GET / HTTP/1.1" 404 2483
WARNING 2024-03-20 21:19:46,292 log 16928 24960 Not Found: /
WARNING 2024-03-20 21:19:46,293 basehttp 16928 24960 "GET / HTTP/1.1" 404 2483
INFO 2024-03-20 21:19:51,402 autoreload 24744 21824 Watching for file changes with StatReloader
WARNING 2024-03-20 21:19:53,664 log 24744 24172 Not Found: /
WARNING 2024-03-20 21:19:53,665 basehttp 24744 24172 "GET / HTTP/1.1" 404 2483
WARNING 2024-03-20 21:19:54,385 log 24744 24172 Not Found: /
WARNING 2024-03-20 21:19:54,386 basehttp 24744 24172 "GET / HTTP/1.1" 404 2483
WARNING 2024-03-20 21:19:54,600 log 24744 24172 Not Found: /
WARNING 2024-03-20 21:19:54,601 basehttp 24744 24172 "GET / HTTP/1.1" 404 2483
INFO 2024-03-20 22:05:33,585 autoreload 5108 26784 Watching for file changes with StatReloader
WARNING 2024-03-20 22:22:34,753 log 5108 26684 Not Found: /
WARNING 2024-03-20 22:22:34,754 basehttp 5108 26684 "GET / HTTP/1.1" 404 2483
WARNING 2024-03-20 22:22:35,767 log 5108 26684 Not Found: /
WARNING 2024-03-20 22:22:35,768 basehttp 5108 26684 "GET / HTTP/1.1" 404 2483
WARNING 2024-03-20 22:22:36,270 log 5108 26684 Not Found: /
WARNING 2024-03-20 22:22:36,271 basehttp 5108 26684 "GET / HTTP/1.1" 404 2483
WARNING 2024-03-20 22:22:36,452 log 5108 26684 Not Found: /
WARNING 2024-03-20 22:22:36,452 basehttp 5108 26684 "GET / HTTP/1.1" 404 2483
WARNING 2024-03-20 22:22:36,641 log 5108 26684 Not Found: /
WARNING 2024-03-20 22:22:36,642 basehttp 5108 26684 "GET / HTTP/1.1" 404 2483
INFO 2024-03-20 22:24:46,690 basehttp 5108 26684 "GET /hw2/ HTTP/1.1" 200 692
INFO 2024-03-20 22:24:49,236 basehttp 5108 26684 "GET /hw2/client/1/ HTTP/1.1" 200 1093
INFO 2024-03-20 22:24:50,091 basehttp 5108 26684 "GET /hw2/order/1/ HTTP/1.1" 200 742
INFO 2024-03-20 22:24:52,643 basehttp 5108 26684 "GET /hw2/clients_all/ HTTP/1.1" 200 4032
INFO 2024-03-20 22:24:55,811 basehttp 5108 26684 "GET /hw2/order/1/ HTTP/1.1" 200 742
INFO 2024-03-20 22:25:02,331 basehttp 5108 26684 "GET /hw2/clients_all/ HTTP/1.1" 200 4032
INFO 2024-03-20 22:25:04,018 basehttp 5108 26684 "GET /hw2/client/5/ HTTP/1.1" 200 1071
INFO 2024-03-20 22:25:09,035 basehttp 5108 26684 "GET /hw2/orders_no_sort/5/ HTTP/1.1" 200 2421
INFO 2024-03-20 22:25:22,554 basehttp 5108 26684 "GET /hw2/orders_no_sort/5/ HTTP/1.1" 200 2421
INFO 2024-03-20 22:25:38,470 basehttp 5108 26684 "GET /hw2/clients_all/ HTTP/1.1" 200 4032
INFO 2024-03-20 22:25:39,532 basehttp 5108 26684 "GET /hw2/ HTTP/1.1" 200 692
INFO 2024-03-20 22:25:42,747 basehttp 5108 26684 "GET /hw2/clients_all/ HTTP/1.1" 200 4032
INFO 2024-03-20 22:25:43,722 basehttp 5108 26684 "GET /hw2/client/1/ HTTP/1.1" 200 1093
INFO 2024-03-20 22:25:44,573 basehttp 5108 26684 "GET /hw2/order/1/ HTTP/1.1" 200 742
INFO 2024-03-20 22:25:45,860 basehttp 5108 26684 "GET /hw2/ HTTP/1.1" 200 692
INFO 2024-03-20 22:25:48,642 basehttp 5108 26684 "GET /hw2/order/1/ HTTP/1.1" 200 742
INFO 2024-03-20 22:25:49,885 basehttp 5108 26684 "GET /hw2/ HTTP/1.1" 200 692
INFO 2024-03-20 22:25:51,448 basehttp 5108 26684 "GET /hw2/client/1/ HTTP/1.1" 200 1093
INFO 2024-03-20 22:25:53,045 basehttp 5108 26684 "GET /hw2/ HTTP/1.1" 200 692
